CPXPARAM_Read_DataCheck                          1
CPXPARAM_TimeLimit                               14400
Found incumbent of value 0.000000 after 0.02 sec. (9.26 ticks)
Tried aggregator 2 times.
MIP Presolve eliminated 1248 rows and 303556 columns.
MIP Presolve added 32 rows and 0 columns.
MIP Presolve modified 967 coefficients.
Aggregator did 1437 substitutions.
Reduced MIP has 245750 rows, 7863 columns, and 498993 nonzeros.
Reduced MIP has 2863 binaries, 0 generals, 0 SOSs, and 0 indicators.
Presolve time = 0.71 sec. (2974.11 ticks)
Probing fixed 9 vars, tightened 0 bounds.
Probing time = 0.18 sec. (7.40 ticks)
Tried aggregator 1 time.
MIP Presolve eliminated 183766 rows and 3763 columns.
Reduced MIP has 61984 rows, 4100 columns, and 131453 nonzeros.
Reduced MIP has 2850 binaries, 0 generals, 0 SOSs, and 0 indicators.
Presolve time = 0.10 sec. (107.47 ticks)
Probing time = 0.04 sec. (1.91 ticks)
Tried aggregator 1 time.
MIP Presolve eliminated 61250 rows and 1250 columns.
Reduced MIP has 734 rows, 2850 columns, and 8953 nonzeros.
Reduced MIP has 2850 binaries, 0 generals, 0 SOSs, and 0 indicators.
Presolve time = 0.02 sec. (27.63 ticks)
Probing time = 0.00 sec. (2.56 ticks)
Tried aggregator 1 time.
Reduced MIP has 734 rows, 2850 columns, and 8953 nonzeros.
Reduced MIP has 2850 binaries, 0 generals, 0 SOSs, and 0 indicators.
Presolve time = 0.04 sec. (6.29 ticks)
Probing time = 0.00 sec. (2.56 ticks)
Clique table members: 1022.
MIP emphasis: balance optimality and feasibility.
MIP search method: dynamic search.
Parallel mode: deterministic, using up to 32 threads.
Root relaxation solution time = 0.18 sec. (18.21 ticks)

        Nodes                                         Cuts/
   Node  Left     Objective  IInf  Best Integer    Best Bound    ItCnt     Gap

*     0+    0                          767.0000     1413.0000            84.22%
*     0+    0                         1261.0000     1413.0000            12.05%
      0     0     1319.6917   132     1261.0000     1319.6917     1148    4.65%
Exception raised in listener 'MipGapPrinter': 'int' object is not callable, id=1
*     0+    0                         1295.0000     1319.6917             1.91%
Exception raised in listener 'MipGapPrinter': 'int' object is not callable, id=3
      0     0     1312.9500   155     1295.0000     Cuts: 231     1443    1.39%
      0     0     1311.6524   223     1295.0000     Cuts: 240     1764    1.29%
      0     0     1311.6524   235     1295.0000     Cuts: 134     1970    1.29%
*     0+    0                         1296.0000     1311.6524             1.21%
Exception raised in listener 'MipGapPrinter': 'int' object is not callable, id=9
      0     0     1311.6524   192     1296.0000      Cuts: 84     2166    1.21%
      0     0     1311.4946   198     1296.0000     Cuts: 140     2407    1.20%
      0     0     1311.4354   177     1296.0000     Cuts: 146     2609    1.19%
      0     0     1311.3927   257     1296.0000      Cuts: 94     2842    1.19%
*     0+    0                         1306.0000     1311.1162             0.39%
*     0+    0                         1308.0000     1311.1162             0.24%
Exception raised in listener 'MipGapPrinter': 'int' object is not callable, id=17
      0     2     1311.3927   165     1308.0000     1310.9121     2842    0.22%
Elapsed time = 4.32 sec. (4310.46 ticks, tree = 0.02 MB, solutions = 6)
*    16+    6                         1309.0000     1310.9121             0.15%
Exception raised in listener 'MipGapPrinter': 'int' object is not callable, id=31
    140    53     1310.1000   122     1309.0000     1310.9121    10980    0.15%
    713   303     1310.7159   192     1309.0000     1310.9121    65733    0.15%
   1383   497     1310.0000   158     1309.0000     1310.8975   140117    0.14%
   1905   574     1310.3389   149     1309.0000     1310.8753   184769    0.14%
   2392   530     1310.1000   185     1309.0000     1310.5525   247304    0.12%
   2969   526        cutoff           1309.0000     1310.4111   297578    0.11%
   4013   481     1310.0154   109     1309.0000     1310.3000   350684    0.10%

GUB cover cuts applied:  52
Clique cuts applied:  29
Cover cuts applied:  2109
Flow cuts applied:  15
Mixed integer rounding cuts applied:  47
Zero-half cuts applied:  72
Gomory fractional cuts applied:  51

Root node processing (before b&c):
  Real time             =    4.19 sec. (4336.07 ticks)
Parallel b&c, 32 threads:
  Real time             =    4.68 sec. (1801.18 ticks)
  Sync time (average)   =    1.71 sec.
  Wait time (average)   =    0.00 sec.
                          ------------
Total (root+branch&cut) =    8.87 sec. (6137.25 ticks)
status  = integer optimal solution
time    = 9.08455 s.
problem = MILP
gap     = 0%

Objective value: 1309.0
[50, 100, 12, 4, 363, 288, 1309, 1309, 0.0, 9.08]
