CPXPARAM_Read_DataCheck                          1
CPXPARAM_TimeLimit                               14400
Found incumbent of value 0.000000 after 0.02 sec. (4.67 ticks)
Tried aggregator 2 times.
MIP Presolve eliminated 1344 rows and 152313 columns.
MIP Presolve added 48 rows and 0 columns.
MIP Presolve modified 861 coefficients.
Aggregator did 1399 substitutions.
Reduced MIP has 123108 rows, 4144 columns, and 249731 nonzeros.
Reduced MIP has 1639 binaries, 5 generals, 0 SOSs, and 0 indicators.
Presolve time = 0.45 sec. (1417.28 ticks)
Probing fixed 11 vars, tightened 0 bounds.
Probing time = 0.15 sec. (3.74 ticks)
Tried aggregator 1 time.
MIP Presolve eliminated 120068 rows and 2464 columns.
Reduced MIP has 3040 rows, 1680 columns, and 9584 nonzeros.
Reduced MIP has 1625 binaries, 5 generals, 0 SOSs, and 0 indicators.
Presolve time = 0.04 sec. (47.33 ticks)
Probing time = 0.00 sec. (1.50 ticks)
Tried aggregator 1 time.
MIP Presolve eliminated 2450 rows and 50 columns.
Reduced MIP has 590 rows, 1630 columns, and 4684 nonzeros.
Reduced MIP has 1625 binaries, 5 generals, 0 SOSs, and 0 indicators.
Presolve time = 0.14 sec. (6.74 ticks)
Probing time = 0.00 sec. (1.47 ticks)
Clique table members: 970.
MIP emphasis: balance optimality and feasibility.
MIP search method: dynamic search.
Parallel mode: deterministic, using up to 32 threads.
Root relaxation solution time = 0.18 sec. (14.81 ticks)

        Nodes                                         Cuts/
   Node  Left     Objective  IInf  Best Integer    Best Bound    ItCnt     Gap

*     0+    0                          767.0000     1339.0000            74.58%
*     0+    0                         1021.0000     1339.0000            31.15%
      0     0     1144.0750   130     1021.0000     1144.0750     1078   12.05%
Exception raised in listener 'MipGapPrinter': 'int' object is not callable, id=1
*     0+    0                         1064.0000     1144.0750             7.53%
Exception raised in listener 'MipGapPrinter': 'int' object is not callable, id=3
      0     0     1127.5583   116     1064.0000     Cuts: 247     1357    5.97%
      0     0     1126.0000   122     1064.0000     Cuts: 199     1533    5.83%
      0     0     1125.8333   120     1064.0000      Cuts: 88     1709    5.81%
*     0+    0                         1105.0000     1125.8333             1.89%
Exception raised in listener 'MipGapPrinter': 'int' object is not callable, id=10
      0     0     1125.6667   117     1105.0000      Cuts: 68     1800    1.87%
*     0+    0                         1111.0000     1125.6667             1.32%
Exception raised in listener 'MipGapPrinter': 'int' object is not callable, id=13
      0     0     1125.5833    67     1111.0000      Cuts: 50     1905    1.31%
      0     0     1125.5833    74     1111.0000      Cuts: 54     1974    1.31%
      0     0     1125.5833    88     1111.0000      Cuts: 31     2031    1.31%
*     0+    0                         1117.0000     1125.5833             0.77%
Exception raised in listener 'MipGapPrinter': 'int' object is not callable, id=20
      0     2     1125.5833    40     1117.0000     1125.5833     2031    0.77%
Elapsed time = 2.27 sec. (1963.66 ticks, tree = 0.02 MB, solutions = 6)
*    10+    8                         1118.0000     1125.5833             0.68%
*    10+    9                         1119.0000     1125.5833             0.59%
*    10+    5                         1120.0000     1125.5833             0.50%
*    15+    3                         1121.0000     1125.5833             0.41%
Exception raised in listener 'MipGapPrinter': 'int' object is not callable, id=31
*    21+    3                         1122.0000     1125.5833             0.32%
Exception raised in listener 'MipGapPrinter': 'int' object is not callable, id=35
*   432+  354                         1124.0000     1125.5833             0.14%
Exception raised in listener 'MipGapPrinter': 'int' object is not callable, id=60
*   580+  357                         1125.0000     1125.5833             0.05%
Exception raised in listener 'MipGapPrinter': 'int' object is not callable, id=61

GUB cover cuts applied:  102
Clique cuts applied:  2
Cover cuts applied:  86
Flow cuts applied:  1
Mixed integer rounding cuts applied:  22
Zero-half cuts applied:  47
Gomory fractional cuts applied:  69

Root node processing (before b&c):
  Real time             =    2.21 sec. (1987.97 ticks)
Parallel b&c, 32 threads:
  Real time             =    0.62 sec. (326.26 ticks)
  Sync time (average)   =    0.40 sec.
  Wait time (average)   =    0.00 sec.
                          ------------
Total (root+branch&cut) =    2.84 sec. (2314.22 ticks)
status  = integer optimal solution
time    = 2.98148 s.
problem = MILP
gap     = 0%

Objective value: 1125.0
[50, 50, 12, 4, 363, 187, 1125, 1125, 0.0, 2.98]
