CPXPARAM_Read_DataCheck                          1
CPXPARAM_TimeLimit                               14400
Found incumbent of value 0.000000 after 0.01 sec. (9.22 ticks)
Tried aggregator 2 times.
MIP Presolve eliminated 696 rows and 302978 columns.
MIP Presolve added 2 rows and 0 columns.
MIP Presolve modified 454 coefficients.
Aggregator did 912 substitutions.
Reduced MIP has 245776 rows, 7946 columns, and 498637 nonzeros.
Reduced MIP has 2946 binaries, 0 generals, 0 SOSs, and 0 indicators.
Presolve time = 0.54 sec. (2207.51 ticks)
Probing time = 0.08 sec. (6.76 ticks)
Tried aggregator 1 time.
MIP Presolve eliminated 147000 rows and 3000 columns.
Reduced MIP has 98776 rows, 4946 columns, and 204637 nonzeros.
Reduced MIP has 2946 binaries, 0 generals, 0 SOSs, and 0 indicators.
Presolve time = 0.11 sec. (111.29 ticks)
Probing time = 0.03 sec. (2.86 ticks)
Tried aggregator 1 time.
MIP Presolve eliminated 95120 rows and 1640 columns.
Reduced MIP has 3656 rows, 3306 columns, and 14397 nonzeros.
Reduced MIP has 2946 binaries, 0 generals, 0 SOSs, and 0 indicators.
Presolve time = 5.17 sec. (2543.96 ticks)
Probing time = 0.01 sec. (1.20 ticks)
Clique table members: 860.
MIP emphasis: balance optimality and feasibility.
MIP search method: dynamic search.
Parallel mode: deterministic, using up to 32 threads.
Root relaxation solution time = 0.05 sec. (32.51 ticks)

        Nodes                                         Cuts/
   Node  Left     Objective  IInf  Best Integer    Best Bound    ItCnt     Gap

*     0+    0                          428.0000      913.0000           113.32%
*     0+    0                          763.0000      913.0000            19.66%
      0     0      844.1000   130      763.0000      844.1000     1075   10.63%
Exception raised in listener 'MipGapPrinter': 'int' object is not callable, id=1
*     0+    0                          775.0000      844.1000             8.92%
Exception raised in listener 'MipGapPrinter': 'int' object is not callable, id=3
      0     0      842.7250   162      775.0000     Cuts: 240     1449    8.74%
      0     0      842.2083   175      775.0000     Cuts: 192     1708    8.67%
      0     0      842.2083   218      775.0000      Cuts: 92     1883    8.67%
*     0+    0                          793.0000      842.2083             6.21%
Exception raised in listener 'MipGapPrinter': 'int' object is not callable, id=9
      0     0      842.2083   142      793.0000      Cuts: 54     2108    6.21%
      0     0      842.0000   128      793.0000      Cuts: 98     2304    6.18%
      0     0      842.0000   112      793.0000      Cuts: 75     2463    6.18%
      0     0      842.0000   174      793.0000      Cuts: 73     2652    6.18%
*     0+    0                          828.0000      842.0000             1.69%
*     0+    0                          832.0000      842.0000             1.20%
*     0+    0                          835.0000      842.0000             0.84%
Exception raised in listener 'MipGapPrinter': 'int' object is not callable, id=17
      0     2      842.0000    25      835.0000      842.0000     2652    0.84%
Elapsed time = 7.64 sec. (5995.50 ticks, tree = 0.02 MB, solutions = 7)
*    17+    3                          837.0000      842.0000             0.60%
Exception raised in listener 'MipGapPrinter': 'int' object is not callable, id=37
*    31+   16                          838.0000      842.0000             0.48%
*    45+   21                          840.0000      842.0000             0.24%
Exception raised in listener 'MipGapPrinter': 'int' object is not callable, id=38
    165   140      842.0000    66      840.0000      842.0000     6725    0.24%
    542   475      841.7500    38      840.0000      842.0000    14175    0.24%
   1061   929      841.7500    47      840.0000      842.0000    26958    0.24%
*  1694  1446      integral     0      841.0000      842.0000    40699    0.12%
Exception raised in listener 'MipGapPrinter': 'int' object is not callable, id=82
   1793   348    infeasible            841.0000      842.0000    42778    0.12%

GUB cover cuts applied:  13
Clique cuts applied:  10
Cover cuts applied:  244
Flow cuts applied:  6
Mixed integer rounding cuts applied:  14
Zero-half cuts applied:  48
Gomory fractional cuts applied:  20

Root node processing (before b&c):
  Real time             =    7.38 sec. (6067.41 ticks)
Parallel b&c, 32 threads:
  Real time             =    2.14 sec. (1176.21 ticks)
  Sync time (average)   =    1.33 sec.
  Wait time (average)   =    0.00 sec.
                          ------------
Total (root+branch&cut) =    9.51 sec. (7243.62 ticks)
status  = integer optimal solution
time    = 9.52272 s.
problem = MILP
gap     = 0%

Objective value: 841.0
[50, 100, 12, 6, 364, 289, 841, 841, 0.0, 9.52]
