CPXPARAM_Read_DataCheck                          1
CPXPARAM_TimeLimit                               14400
Found incumbent of value 0.000000 after 0.01 sec. (13.81 ticks)
Tried aggregator 2 times.
MIP Presolve eliminated 706 rows and 454274 columns.
MIP Presolve added 2 rows and 0 columns.
MIP Presolve modified 523 coefficients.
Aggregator did 909 substitutions.
Reduced MIP has 368369 rows, 11653 columns, and 747864 nonzeros.
Reduced MIP has 4153 binaries, 0 generals, 0 SOSs, and 0 indicators.
Presolve time = 0.85 sec. (3375.75 ticks)
Probing time = 0.33 sec. (10.18 ticks)
Tried aggregator 1 time.
MIP Presolve eliminated 188650 rows and 3850 columns.
Reduced MIP has 179719 rows, 7803 columns, and 370564 nonzeros.
Reduced MIP has 4153 binaries, 0 generals, 0 SOSs, and 0 indicators.
Presolve time = 0.17 sec. (176.10 ticks)
Probing time = 0.05 sec. (5.17 ticks)
Tried aggregator 1 time.
MIP Presolve eliminated 178850 rows and 3650 columns.
Reduced MIP has 869 rows, 4153 columns, and 12864 nonzeros.
Reduced MIP has 4153 binaries, 0 generals, 0 SOSs, and 0 indicators.
Presolve time = 0.04 sec. (73.16 ticks)
Probing time = 0.00 sec. (2.07 ticks)
Tried aggregator 1 time.
Reduced MIP has 869 rows, 4153 columns, and 12864 nonzeros.
Reduced MIP has 4153 binaries, 0 generals, 0 SOSs, and 0 indicators.
Presolve time = 0.01 sec. (8.89 ticks)
Probing time = 0.01 sec. (2.07 ticks)
Clique table members: 1110.
MIP emphasis: balance optimality and feasibility.
MIP search method: dynamic search.
Parallel mode: deterministic, using up to 32 threads.
Root relaxation solution time = 0.01 sec. (8.89 ticks)

        Nodes                                         Cuts/
   Node  Left     Objective  IInf  Best Integer    Best Bound    ItCnt     Gap

*     0+    0                          428.0000      916.0000           114.02%
*     0+    0                          855.0000      916.0000             7.13%
      0     0      909.0000   125      855.0000      909.0000      591    6.32%
Exception raised in listener 'MipGapPrinter': 'int' object is not callable, id=1
      0     0      908.5000    93      855.0000     Cuts: 222      915    6.26%
      0     0      908.2500    84      855.0000     Cuts: 116     1087    6.23%
      0     0      908.2500    61      855.0000      Cuts: 78     1200    6.23%
*     0+    0                          898.0000      908.2500             1.14%
Exception raised in listener 'MipGapPrinter': 'int' object is not callable, id=9
      0     0      908.2500    23      898.0000      Cuts: 37     1241    1.14%
*     0+    0                          906.0000      908.2500             0.25%
Exception raised in listener 'MipGapPrinter': 'int' object is not callable, id=12
      0     0      908.0000    14      906.0000       Cuts: 9     1250    0.22%
*     0+    0                          908.0000      908.0000             0.00%
      0     0        cutoff            908.0000      908.0000     1250    0.00%
Elapsed time = 2.74 sec. (4859.60 ticks, tree = 0.01 MB, solutions = 5)

GUB cover cuts applied:  1
Clique cuts applied:  9
Cover cuts applied:  101
Flow cuts applied:  11
Mixed integer rounding cuts applied:  11
Zero-half cuts applied:  79
Lift and project cuts applied:  6
Gomory fractional cuts applied:  33

Root node processing (before b&c):
  Real time             =    2.77 sec. (4887.74 ticks)
Parallel b&c, 32 threads:
  Real time             =    0.00 sec. (0.00 ticks)
  Sync time (average)   =    0.00 sec.
  Wait time (average)   =    0.00 sec.
                          ------------
Total (root+branch&cut) =    2.77 sec. (4887.74 ticks)
status  = integer optimal solution
time    = 2.81956 s.
problem = MILP
gap     = 0%

Objective value: 908.0
[50, 150, 12, 6, 364, 357, 908, 908, 0.0, 2.82]
