CPXPARAM_Read_DataCheck                          1
CPXPARAM_TimeLimit                               14400
Found incumbent of value 0.000000 after 0.01 sec. (4.64 ticks)
Tried aggregator 3 times.
MIP Presolve eliminated 771 rows and 151723 columns.
MIP Presolve added 32 rows and 0 columns.
MIP Presolve modified 374 coefficients.
Aggregator did 942 substitutions.
Reduced MIP has 123101 rows, 4171 columns, and 249514 nonzeros.
Reduced MIP has 1666 binaries, 5 generals, 0 SOSs, and 0 indicators.
Presolve time = 0.28 sec. (1039.30 ticks)
Probing fixed 3 vars, tightened 0 bounds.
Probing time = 0.05 sec. (3.60 ticks)
Tried aggregator 1 time.
MIP Presolve eliminated 100456 rows and 2056 columns.
Reduced MIP has 22645 rows, 2115 columns, and 48599 nonzeros.
Reduced MIP has 1660 binaries, 5 generals, 0 SOSs, and 0 indicators.
Presolve time = 0.04 sec. (51.80 ticks)
Probing time = 0.00 sec. (1.00 ticks)
Tried aggregator 1 time.
MIP Presolve eliminated 22050 rows and 449 columns.
Reduced MIP has 595 rows, 1666 columns, and 4499 nonzeros.
Reduced MIP has 1660 binaries, 5 generals, 0 SOSs, and 0 indicators.
Presolve time = 0.38 sec. (259.87 ticks)
Probing time = 0.01 sec. (1.38 ticks)
Clique table members: 589.
MIP emphasis: balance optimality and feasibility.
MIP search method: dynamic search.
Parallel mode: deterministic, using up to 32 threads.
Root relaxation solution time = 0.01 sec. (8.29 ticks)

        Nodes                                         Cuts/
   Node  Left     Objective  IInf  Best Integer    Best Bound    ItCnt     Gap

*     0+    0                          428.0000      879.0000           105.37%
*     0+    0                          630.0000      879.0000            39.52%
      0     0      714.1583   109      630.0000      714.1583      792   13.36%
Exception raised in listener 'MipGapPrinter': 'int' object is not callable, id=1
*     0+    0                          674.0000      714.1583             5.96%
Exception raised in listener 'MipGapPrinter': 'int' object is not callable, id=3
      0     0      706.6583    83      674.0000     Cuts: 213      996    4.85%
*     0+    0                          685.0000      706.6583             3.16%
Exception raised in listener 'MipGapPrinter': 'int' object is not callable, id=6
      0     0      706.3333    60      685.0000     Cuts: 127     1131    3.11%
*     0+    0                          697.0000      706.3333             1.34%
Exception raised in listener 'MipGapPrinter': 'int' object is not callable, id=9
      0     0      706.3333    97      697.0000      Cuts: 46     1200    1.34%
      0     0      706.3333    48      697.0000      Cuts: 10     1237    1.34%
*     0+    0                          699.0000      706.3333             1.05%
Exception raised in listener 'MipGapPrinter': 'int' object is not callable, id=14
      0     0      706.3333    34      699.0000      Cuts: 48     1263    1.05%
      0     0      706.3333    47      699.0000      Cuts: 16     1291    1.05%
*     0+    0                          702.0000      706.3333             0.62%
Exception raised in listener 'MipGapPrinter': 'int' object is not callable, id=19
*     0+    0                          704.0000      706.3333             0.33%
Exception raised in listener 'MipGapPrinter': 'int' object is not callable, id=20
      0     2      706.3333     6      704.0000      706.3333     1291    0.33%
Elapsed time = 1.42 sec. (1766.53 ticks, tree = 0.02 MB, solutions = 8)
*    12+    1                          705.0000      706.3333             0.19%
Exception raised in listener 'MipGapPrinter': 'int' object is not callable, id=33
*    94+   43                          706.0000      706.3333             0.05%
Exception raised in listener 'MipGapPrinter': 'int' object is not callable, id=44

GUB cover cuts applied:  56
Clique cuts applied:  2
Cover cuts applied:  50
Flow cuts applied:  1
Mixed integer rounding cuts applied:  18
Zero-half cuts applied:  49
Gomory fractional cuts applied:  43

Root node processing (before b&c):
  Real time             =    1.33 sec. (1780.69 ticks)
Parallel b&c, 32 threads:
  Real time             =    0.31 sec. (164.65 ticks)
  Sync time (average)   =    0.13 sec.
  Wait time (average)   =    0.00 sec.
                          ------------
Total (root+branch&cut) =    1.64 sec. (1945.33 ticks)
status  = integer optimal solution
time    = 1.64345 s.
problem = MILP
gap     = 0%

Objective value: 706.0
[50, 50, 12, 6, 364, 201, 706, 706, 0.0, 1.64]
