CPXPARAM_Read_DataCheck                          1
CPXPARAM_TimeLimit                               14400
Found incumbent of value 0.000000 after 0.02 sec. (18.39 ticks)
Tried aggregator 2 times.
MIP Presolve eliminated 740 rows and 605549 columns.
MIP Presolve modified 601 coefficients.
Aggregator did 900 substitutions.
Reduced MIP has 490942 rows, 15387 columns, and 997030 nonzeros.
Reduced MIP has 5387 binaries, 0 generals, 0 SOSs, and 0 indicators.
Presolve time = 1.05 sec. (4515.57 ticks)
Probing time = 0.13 sec. (13.62 ticks)
Tried aggregator 1 time.
MIP Presolve eliminated 220500 rows and 4500 columns.
Reduced MIP has 270442 rows, 10887 columns, and 556030 nonzeros.
Reduced MIP has 5387 binaries, 0 generals, 0 SOSs, and 0 indicators.
Presolve time = 0.34 sec. (243.13 ticks)
Probing time = 0.07 sec. (7.77 ticks)
Tried aggregator 1 time.
MIP Presolve eliminated 245380 rows and 3816 columns.
Reduced MIP has 25062 rows, 7071 columns, and 65270 nonzeros.
Reduced MIP has 5387 binaries, 0 generals, 0 SOSs, and 0 indicators.
Presolve time = 26.14 sec. (10583.32 ticks)
Probing time = 0.03 sec. (3.90 ticks)
Clique table members: 1289.
MIP emphasis: balance optimality and feasibility.
MIP search method: dynamic search.
Parallel mode: deterministic, using up to 32 threads.
Root relaxation solution time = 0.05 sec. (55.94 ticks)

        Nodes                                         Cuts/
   Node  Left     Objective  IInf  Best Integer    Best Bound    ItCnt     Gap

*     0+    0                          428.0000      918.0000           114.49%
      0     0      915.5000   121      428.0000      915.5000      472  113.90%
Exception raised in listener 'MipGapPrinter': 'int' object is not callable, id=1
*     0+    0                          898.0000      915.5000             1.95%
Exception raised in listener 'MipGapPrinter': 'int' object is not callable, id=3
*     0+    0                          914.0000      915.5000             0.16%
Exception raised in listener 'MipGapPrinter': 'int' object is not callable, id=4
      0     0      915.2500    14      914.0000      Cuts: 13      492    0.14%
      0     0      915.0000     3      914.0000      Cuts: 40      509    0.11%
*     0+    0                          915.0000      915.0000             0.00%
Exception raised in listener 'MipGapPrinter': 'int' object is not callable, id=8
      0     0        cutoff            915.0000      915.0000      514    0.00%
Elapsed time = 29.92 sec. (16944.45 ticks, tree = 0.01 MB, solutions = 4)

GUB cover cuts applied:  2
Clique cuts applied:  1
Cover cuts applied:  20
Flow cuts applied:  2
Mixed integer rounding cuts applied:  3
Zero-half cuts applied:  12
Gomory fractional cuts applied:  15

Root node processing (before b&c):
  Real time             =   29.97 sec. (16977.94 ticks)
Parallel b&c, 32 threads:
  Real time             =    0.00 sec. (0.00 ticks)
  Sync time (average)   =    0.00 sec.
  Wait time (average)   =    0.00 sec.
                          ------------
Total (root+branch&cut) =   29.97 sec. (16977.94 ticks)
status  = integer optimal solution
time    = 30.057 s.
problem = MILP
gap     = 0%

Objective value: 915.0
[50, 200, 12, 6, 364, 361, 915, 915, 0.0, 30.06]
