CPXPARAM_Read_DataCheck                          1
CPXPARAM_TimeLimit                               14400
Tried aggregator 2 times.
MIP Presolve eliminated 13275 rows and 124236 columns.
MIP Presolve modified 866 coefficients.
Aggregator did 900 substitutions.
Reduced MIP has 139247 rows, 31700 columns, and 396495 nonzeros.
Reduced MIP has 29200 binaries, 0 generals, 0 SOSs, and 0 indicators.
Presolve time = 0.48 sec. (1288.00 ticks)
Probing time = 0.11 sec. (8.63 ticks)
Tried aggregator 1 time.
MIP Presolve eliminated 98000 rows and 2000 columns.
Reduced MIP has 41247 rows, 29700 columns, and 200495 nonzeros.
Reduced MIP has 29200 binaries, 0 generals, 0 SOSs, and 0 indicators.
Presolve time = 0.22 sec. (211.37 ticks)
Probing time = 0.04 sec. (6.57 ticks)
Clique table members: 16888.
MIP emphasis: balance optimality and feasibility.
MIP search method: dynamic search.
Parallel mode: deterministic, using up to 32 threads.
Root relaxation solution time = 0.50 sec. (335.47 ticks)

        Nodes                                         Cuts/
   Node  Left     Objective  IInf  Best Integer    Best Bound    ItCnt     Gap

*     0+    0                          600.0000      918.0000            53.00%
      0     0      720.8333   465      600.0000      720.8333     2590   20.14%
Exception raised in listener 'MipGapPrinter': 'int' object is not callable, id=1
      0     0      712.6833   301      600.0000     Cuts: 203     4705   18.78%
      0     0      711.7833   355      600.0000     Cuts: 299     6232   18.63%
      0     0      711.6667   468      600.0000     Cuts: 265     8425   18.61%
      0     0      711.6667   510      600.0000     Cuts: 296    10576   18.61%
      0     0      711.6667   215      600.0000      Cuts: 32    11212   18.61%
      0     0      711.6667   434      600.0000     Cuts: 191    13891   18.61%
      0     2      711.6667    55      600.0000      711.6667    13891   18.61%
Elapsed time = 15.20 sec. (11894.30 ticks, tree = 0.02 MB, solutions = 1)
     10    11      711.6667   145      600.0000      711.6667    14920   18.61%
     27    20      711.6667   236      600.0000      711.6667    17826   18.61%
     46    20      711.6667   219      600.0000      711.6667    17143   18.61%
     69    62      711.6667   275      600.0000      711.6667    52292   18.61%
     98    25      711.6667   341      600.0000      711.6667    21886   18.61%
    139   113      711.6667   246      600.0000      711.6667   118622   18.61%
    233   163      711.6667   226      600.0000      711.6667   149730   18.61%
    346   279      711.6667   315      600.0000      711.6667   190247   18.61%
    474   280      711.6667   323      600.0000      711.6667   191198   18.61%
   1116   880      711.6667   241      600.0000      711.6667   288386   18.61%
Elapsed time = 26.15 sec. (15030.48 ticks, tree = 7.88 MB, solutions = 1)
   2063  1858      711.6250   189      600.0000      711.6667   375563   18.61%
   3214  2890      711.0000   275      600.0000      711.6667   473095   18.61%
   4318  3787      711.5000   203      600.0000      711.6667   543342   18.61%
   5396  4607      711.0000   128      600.0000      711.6667   598877   18.61%
   5795  5451      711.6667   250      600.0000      711.6667   688049   18.61%
*  5867+ 4804                          700.0000      711.6667             1.67%
*  6210+ 5084                          704.0000      711.6667             1.09%
Exception raised in listener 'MipGapPrinter': 'int' object is not callable, id=46
   6261  5789      711.0000   129      704.0000      711.6667   721836    1.09%
Exception raised in listener 'MipGapPrinter': 'int' object is not callable, id=47
   6819  6031      711.1250   201      704.0000      711.6667   748261    1.09%
*  7045+ 6364                          708.0000      711.6667             0.52%
   7336  6619      711.3750   202      708.0000      711.6667   823101    0.52%
Exception raised in listener 'MipGapPrinter': 'int' object is not callable, id=49
   7972  7069      711.4167   181      708.0000      711.6667   889295    0.52%
   8682  7858      711.3750   173      708.0000      711.6667  1012579    0.52%
Elapsed time = 60.06 sec. (24588.88 ticks, tree = 112.57 MB, solutions = 20)
   9397  8718      710.4000   211      708.0000      711.6667  1120595    0.52%
  10307  9577      710.0000   133      708.0000      711.6667  1226608    0.52%
  11177 10099      710.0000   154      708.0000      711.6667  1284682    0.52%
  11450 10434      711.5000   234      708.0000      711.6667  1336595    0.52%
* 11451+ 7320                          709.0000      711.6667             0.38%
Exception raised in listener 'MipGapPrinter': 'int' object is not callable, id=57
  11451  7321      711.6167   162      709.0000      711.6167  1435256    0.37%
  11454  7324      711.6167   155      709.0000      711.6167  1435280    0.37%
  11462  1998      711.3675   155      709.0000      711.6167  1435518    0.37%
  11529    23      711.6000   147      709.0000      711.6167  1436184    0.37%
  11767   166      711.5333   152      709.0000      711.6167  1448506    0.37%
  12336   528      711.6000   120      709.0000      711.6167  1463241    0.37%
Elapsed time = 173.48 sec. (66210.63 ticks, tree = 23.94 MB, solutions = 24)
  12951  1316      711.5250   165      709.0000      711.6167  1490281    0.37%
  13532  1701      711.0000   136      709.0000      711.6167  1509407    0.37%
  14217  2469      711.5083   142      709.0000      711.6167  1546909    0.37%
  14938  3150      711.0000   180      709.0000      711.6167  1577702    0.37%
  15584  3221      710.0000   175      709.0000      711.6167  1581731    0.37%
  16192  4372      711.0000   147      709.0000      711.6167  1644723    0.37%
  16942  4838      711.5333   149      709.0000      711.6167  1677459    0.37%
  17510  5467    infeasible            709.0000      711.6167  1719892    0.37%
  18212  5942      710.6500   198      709.0000      711.6167  1762582    0.37%
  18806  6741      711.5000   138      709.0000      711.6167  1816966    0.37%
Elapsed time = 253.44 sec. (75764.65 ticks, tree = 1493.91 MB, solutions = 24)
  19523  6863      711.2500   182      709.0000      711.6167  1827438    0.37%
* 20108+ 5622                          710.0000      711.6167             0.23%
  20249  7492      711.6000   148      710.0000      711.6167  1870459    0.23%
Exception raised in listener 'MipGapPrinter': 'int' object is not callable, id=95
  21181  6518      711.6133   173      710.0000      711.6167  1919377    0.23%
  22142  7838      711.5000   168      710.0000      711.6167  1981723    0.23%
  23005  8584      711.5000   155      710.0000      711.6167  2028400    0.23%
  23855  9336      711.6000   126      710.0000      711.6167  2077414    0.23%
  24668  9810      711.6000   116      710.0000      711.6167  2112203    0.23%
  25708 10803      711.2000   152      710.0000      711.6167  2170320    0.23%
  26787 11434      711.6000   192      710.0000      711.6167  2198202    0.23%
  27690 12181      711.5000   202      710.0000      711.6167  2236661    0.23%
Elapsed time = 340.02 sec. (85312.95 ticks, tree = 3386.92 MB, solutions = 27)
Nodefile size = 1326.13 MB (745.66 MB after compression)
  28827 13726      711.0000   163      710.0000      711.6167  2308547    0.23%
  29793 14539    infeasible            710.0000      711.6167  2348185    0.23%
  30722 14960      711.6000   153      710.0000      711.6167  2372526    0.23%
  31732 16425      711.6000   167      710.0000      711.6167  2436930    0.23%
  32645 17110      711.6000   174      710.0000      711.6167  2478704    0.23%
  33270 17545      711.6000   247      710.0000      711.6167  2504141    0.23%
  33888 17836      711.6000   224      710.0000      711.6167  2520253    0.23%
  34589 18428      711.6000   153      710.0000      711.6167  2550631    0.23%
  35324 19381      711.6000   158      710.0000      711.6167  2603282    0.23%
  35964 19777      711.3750   163      710.0000      711.6167  2628263    0.23%
Elapsed time = 529.60 sec. (94870.99 ticks, tree = 5827.88 MB, solutions = 27)
Nodefile size = 3741.15 MB (2107.32 MB after compression)
  36349 20184      711.6000   164      710.0000      711.6167  2656388    0.23%
  36724 20674      711.6000   233      710.0000      711.6167  2691973    0.23%
  37165 21026      711.6000   188      710.0000      711.6167  2711812    0.23%
  37488 21260      711.6000   163      710.0000      711.6167  2720925    0.23%
  37831 21532      711.5750   184      710.0000      711.6167  2738448    0.23%
  38181 21933      711.6000   194      710.0000      711.6167  2768815    0.23%
  38464 22055      711.3000   154      710.0000      711.6167  2771779    0.23%
  38772 22416      711.5000   121      710.0000      711.6167  2794489    0.23%
  38998 22771      711.6000   188      710.0000      711.6167  2817288    0.23%
  39245 22949      711.5728   222      710.0000      711.6167  2835823    0.23%
Elapsed time = 798.51 sec. (104427.93 ticks, tree = 6319.28 MB, solutions = 27)
Nodefile size = 4102.60 MB (2306.40 MB after compression)
  39485 22989      711.6000   224      710.0000      711.6167  2841307    0.23%
  39773 23239      711.6000   185      710.0000      711.6167  2856379    0.23%
  39980 23533      711.6000   168      710.0000      711.6167  2867459    0.23%
  40240 23746      711.0000   172      710.0000      711.6167  2886174    0.23%
  40525 23915      711.6000   161      710.0000      711.6167  2893286    0.23%
  40730 24078      711.6000   191      710.0000      711.6167  2907789    0.23%
  40952 24261      711.6000   166      710.0000      711.6167  2912204    0.23%
  41106 24577      711.0000   156      710.0000      711.6167  2927877    0.23%
  41230 24749      711.4000   162      710.0000      711.6167  2941440    0.23%
  41367 24798    infeasible            710.0000      711.6167  2945804    0.23%
Elapsed time = 1039.87 sec. (114015.92 ticks, tree = 6594.45 MB, solutions = 27)
Nodefile size = 4343.93 MB (2440.95 MB after compression)
  41494 24947      711.6000   277      710.0000      711.6167  2960593    0.23%
  41592 25019      711.6000   176      710.0000      711.6167  2970896    0.23%
  41748 25157      711.6000   213      710.0000      711.6167  2987218    0.23%
  41870 25232      711.6000   190      710.0000      711.6167  2999863    0.23%
  41973 25356      711.3000   279      710.0000      711.6167  3013465    0.23%
  42032 25393    infeasible            710.0000      711.6167  3017701    0.23%
  42133 25625      711.6000   177      710.0000      711.6167  3036250    0.23%
  42245 25702    infeasible            710.0000      711.6167  3047020    0.23%
  42443 25767      711.6000   164      710.0000      711.6167  3052826    0.23%
  42653 25914      711.6000   173      710.0000      711.6167  3060355    0.23%
Elapsed time = 1223.92 sec. (123602.38 ticks, tree = 6721.73 MB, solutions = 27)
Nodefile size = 4484.33 MB (2517.79 MB after compression)
  42799 26132    infeasible            710.0000      711.6167  3074515    0.23%
  42902 25464      711.5682   262      710.0000      711.6167  3022378    0.23%
  42934 26181      711.5000   327      710.0000      711.6167  3081645    0.23%
  42963 26428      711.3833   235      710.0000      711.6167  3100724    0.23%
  42997 26441      711.6000   147      710.0000      711.6167  3107738    0.23%
  43188 26500      711.0000   174      710.0000      711.6167  3111312    0.23%
  43410 26547      711.2000   172      710.0000      711.6167  3115232    0.23%
  43580 26719      711.6000   224      710.0000      711.6167  3125802    0.23%
  43750 26826      711.6000   179      710.0000      711.6167  3134883    0.23%
  44178 27374      711.0000   181      710.0000      711.6167  3180883    0.23%
Elapsed time = 1485.94 sec. (136109.81 ticks, tree = 6935.66 MB, solutions = 27)
Nodefile size = 4679.12 MB (2628.28 MB after compression)
  44781 27834      711.6000   166      710.0000      711.6167  3212858    0.23%
  45487 28426      711.6000   182      710.0000      711.6167  3248255    0.23%
  46084 28838      711.6000   193      710.0000      711.6167  3270148    0.23%
  46691 29605      711.3750   182      710.0000      711.6167  3314141    0.23%
  47402 29974      711.6000   178      710.0000      711.6167  3338263    0.23%
  47904 30648      711.6000   206      710.0000      711.6167  3377386    0.23%
  48520 31114      711.6000   151      710.0000      711.6167  3416277    0.23%
  49035 31625      711.6000   156      710.0000      711.6167  3453883    0.23%
  49780 32011      711.6000   190      710.0000      711.6167  3480003    0.23%
  50374 32840      711.6000   145      710.0000      711.6167  3518536    0.23%
Elapsed time = 2435.96 sec. (174346.39 ticks, tree = 7559.32 MB, solutions = 27)
Nodefile size = 5298.71 MB (2972.22 MB after compression)
  51111 33466      711.6000   136      710.0000      711.6167  3558660    0.23%
  51705 33892      711.0000   114      710.0000      711.6167  3585546    0.23%
  52454 34639      711.6000   167      710.0000      711.6167  3622959    0.23%
  53186 35120      711.5000   165      710.0000      711.6167  3649585    0.23%
  53906 35743    infeasible            710.0000      711.6167  3686257    0.23%
  54563 36515      711.2500   197      710.0000      711.6167  3705779    0.23%
  55368 37117      711.6000   172      710.0000      711.6167  3735536    0.23%
  55938 37750      711.5000   133      710.0000      711.6167  3767510    0.23%
  56565 38330      711.6000   146      710.0000      711.6167  3803320    0.23%
  57268 38972      711.6000   151      710.0000      711.6167  3839232    0.23%
Elapsed time = 3390.08 sec. (212572.21 ticks, tree = 8713.75 MB, solutions = 27)
Nodefile size = 6468.27 MB (3638.46 MB after compression)
  57978 39545      711.6000   170      710.0000      711.6167  3865316    0.23%
  58621 40170      711.6000   123      710.0000      711.6167  3889095    0.23%
  59115 40742      711.6000   149      710.0000      711.6167  3917980    0.23%
  59730 41274      711.5000   128      710.0000      711.6167  3950253    0.23%
  60327 41637      711.2000   166      710.0000      711.6167  3975053    0.23%
  60977 42251      711.6000   130      710.0000      711.6167  4016372    0.23%
  61533 42696      711.6000   243      710.0000      711.6167  4042333    0.23%
  62075 43255      711.0000   236      710.0000      711.6167  4078335    0.23%
  62296 43973      711.5000   224      710.0000      711.6167  4129978    0.23%
* 62371+43608                          711.0000      711.6167             0.09%
Exception raised in listener 'MipGapPrinter': 'int' object is not callable, id=200

GUB cover cuts applied:  63
Clique cuts applied:  2
Cover cuts applied:  67
Implied bound cuts applied:  2440
Flow cuts applied:  11
Mixed integer rounding cuts applied:  261
Zero-half cuts applied:  57
Lift and project cuts applied:  6
Gomory fractional cuts applied:  24

Root node processing (before b&c):
  Real time             =   15.05 sec. (11870.10 ticks)
Parallel b&c, 32 threads:
  Real time             = 5113.21 sec. (397176.59 ticks)
  Sync time (average)   = 4225.12 sec.
  Wait time (average)   =    0.19 sec.
                          ------------
Total (root+branch&cut) = 5128.26 sec. (409046.69 ticks)
status  = integer optimal solution
time    = 5128.9 s.
problem = MILP
gap     = 0%

Objective value: 711.0
[50, 50, 12, 6, 364, 206, 711, 711, 0.0, 5128.9]
