CPXPARAM_Read_DataCheck                          1
CPXPARAM_TimeLimit                               14400
Tried aggregator 2 times.
MIP Presolve eliminated 38818 rows and 372000 columns.
MIP Presolve modified 1992 coefficients.
Aggregator did 900 substitutions.
Reduced MIP has 416184 rows, 93936 columns, and 1187529 nonzeros.
Reduced MIP has 86436 binaries, 0 generals, 0 SOSs, and 0 indicators.
Presolve time = 2.98 sec. (3833.36 ticks)
Probing time = 0.87 sec. (24.21 ticks)
Tried aggregator 1 time.
MIP Presolve eliminated 294000 rows and 5999 columns.
Reduced MIP has 122184 rows, 87937 columns, and 599529 nonzeros.
Reduced MIP has 86436 binaries, 0 generals, 0 SOSs, and 0 indicators.
Presolve time = 3.69 sec. (1861.96 ticks)
Probing time = 0.20 sec. (17.71 ticks)
Clique table members: 47795.
MIP emphasis: balance optimality and feasibility.
MIP search method: dynamic search.
Parallel mode: deterministic, using up to 32 threads.
Root relaxation solution time = 1.37 sec. (719.13 ticks)

        Nodes                                         Cuts/
   Node  Left     Objective  IInf  Best Integer    Best Bound    ItCnt     Gap

*     0+    0                          805.0000      918.0000            14.04%
      0     0      918.0000   818      805.0000      918.0000     5529   14.04%
Exception raised in listener 'MipGapPrinter': 'int' object is not callable, id=1
      0     0      918.0000   701      805.0000     Cuts: 163     9335   14.04%
      0     0      918.0000  1051      805.0000     Cuts: 769    17348   14.04%
      0     0      918.0000   679      805.0000     Cuts: 112    21233   14.04%
*     0+    0                          826.0000      918.0000            11.14%
*     0+    0                          848.0000      918.0000             8.25%
Exception raised in listener 'MipGapPrinter': 'int' object is not callable, id=9
      0     0      918.0000   955      848.0000     Cuts: 585    28192    8.25%
      0     2      918.0000   321      848.0000      918.0000    28192    8.25%
Elapsed time = 268.60 sec. (47728.86 ticks, tree = 0.02 MB, solutions = 3)
      3     5      918.0000   296      848.0000      918.0000    28569    8.25%
      8    10      918.0000   308      848.0000      918.0000    28679    8.25%
     10    12      918.0000   323      848.0000      918.0000    28723    8.25%
     16    18      918.0000   332      848.0000      918.0000    29021    8.25%
     24     5      918.0000   341      848.0000      918.0000    28541    8.25%
     33    26      918.0000   560      848.0000      918.0000    31312    8.25%
     53    34      918.0000   571      848.0000      918.0000    35810    8.25%
     77    32      918.0000   456      848.0000      918.0000    33966    8.25%
     94    62      918.0000   475      848.0000      918.0000    55591    8.25%
    126    91      918.0000   760      848.0000      918.0000    69872    8.25%
Elapsed time = 323.59 sec. (51167.14 ticks, tree = 2.13 MB, solutions = 3)
    154   146      918.0000   681      848.0000      918.0000   202896    8.25%
    205   154      918.0000   787      848.0000      918.0000   245904    8.25%
    308   211      918.0000   696      848.0000      918.0000   378337    8.25%
    383   338      918.0000   623      848.0000      918.0000   507718    8.25%
    456   378      918.0000   791      848.0000      918.0000   583146    8.25%
    583   427      918.0000   617      848.0000      918.0000   626889    8.25%
    656   467      918.0000   597      848.0000      918.0000   666495    8.25%
    720   506      918.0000   875      848.0000      918.0000   687263    8.25%
    845   618      918.0000   584      848.0000      918.0000   719909    8.25%
   1013   703      918.0000   478      848.0000      918.0000   725210    8.25%
Elapsed time = 526.70 sec. (60858.54 ticks, tree = 132.01 MB, solutions = 3)
   1195   827      918.0000   576      848.0000      918.0000   740309    8.25%
   1422  1021      918.0000   416      848.0000      918.0000   751307    8.25%
   1696  1150      918.0000   444      848.0000      918.0000   766180    8.25%
   2044  1604      918.0000   487      848.0000      918.0000   794947    8.25%
   2477  1894      918.0000   428      848.0000      918.0000   811435    8.25%
   2919  2024      918.0000   411      848.0000      918.0000   823137    8.25%
   3384  2528      918.0000   402      848.0000      918.0000   855271    8.25%
   3773  2856      918.0000   440      848.0000      918.0000   866112    8.25%
   4117  2913      918.0000   457      848.0000      918.0000   868333    8.25%
   4450  3687      918.0000   364      848.0000      918.0000   921834    8.25%
Elapsed time = 670.02 sec. (70415.79 ticks, tree = 2378.08 MB, solutions = 3)
Nodefile size = 32.47 MB (15.07 MB after compression)
   4692  3613      918.0000   381      848.0000      918.0000   916621    8.25%
   4819  3845      918.0000   378      848.0000      918.0000   930263    8.25%
   4986  4062      918.0000   385      848.0000      918.0000   945420    8.25%
   5174  4094    infeasible            848.0000      918.0000   953193    8.25%
   5381  4259    infeasible            848.0000      918.0000   963350    8.25%
   5618  4292      918.0000   433      848.0000      918.0000   965650    8.25%
   5838  4492    infeasible            848.0000      918.0000   985647    8.25%
   5959  4538      918.0000   523      848.0000      918.0000   989188    8.25%
   6052  4906    infeasible            848.0000      918.0000  1015965    8.25%
   6195  4996      918.0000   661      848.0000      918.0000  1027628    8.25%
Elapsed time = 878.43 sec. (80030.83 ticks, tree = 2884.76 MB, solutions = 3)
Nodefile size = 555.65 MB (296.47 MB after compression)
   6361  5136      918.0000   302      848.0000      918.0000  1051136    8.25%
*  6426+ 4513                          892.0000      918.0000             2.91%
   6516  5135    infeasible            892.0000      918.0000  1051695    2.91%
*  6560+ 4722                          899.0000      918.0000             2.11%
*  6611+ 4782                          903.0000      918.0000             1.66%
   6683  5387      918.0000   302      903.0000      918.0000  1085863    1.66%
*  6703+ 4805                          905.0000      918.0000             1.44%
   6847  5388      918.0000   308      905.0000      918.0000  1086175    1.44%
Exception raised in listener 'MipGapPrinter': 'int' object is not callable, id=53
   6964  5492      918.0000   492      905.0000      918.0000  1124055    1.44%
   7145  5602      918.0000   572      905.0000      918.0000  1154607    1.44%
Exception raised in listener 'MipGapPrinter': 'int' object is not callable, id=54
   7363  5485      918.0000   867      905.0000      918.0000  1135639    1.44%
   7570  5814      918.0000   447      905.0000      918.0000  1193255    1.44%
*  7687+ 5782                          906.0000      918.0000             1.32%
Exception raised in listener 'MipGapPrinter': 'int' object is not callable, id=55
   7757  5921    infeasible            906.0000      918.0000  1246082    1.32%
   7982  5923      918.0000   407      906.0000      918.0000  1246776    1.32%
Elapsed time = 1038.62 sec. (89613.17 ticks, tree = 2959.75 MB, solutions = 12)
Nodefile size = 818.44 MB (439.82 MB after compression)
   8208  6068      918.0000   360      906.0000      918.0000  1260918    1.32%
*  8332+ 6084                          910.0000      918.0000             0.88%
   8391  6238      918.0000   287      910.0000      918.0000  1280719    0.88%
   8566  6237    infeasible            910.0000      918.0000  1281456    0.88%
Exception raised in listener 'MipGapPrinter': 'int' object is not callable, id=57
   8760  6375      918.0000   452      910.0000      918.0000  1292704    0.88%
   8952  6605      918.0000   403      910.0000      918.0000  1319265    0.88%
   9158  6620    infeasible            910.0000      918.0000  1341759    0.88%
   9333  6744      918.0000   454      910.0000      918.0000  1360062    0.88%
   9562  4597      918.0000   723      910.0000      918.0000   997520    0.88%
   9769  6839      918.0000   375      910.0000      918.0000  1366716    0.88%
   9933  6962      918.0000   326      910.0000      918.0000  1393653    0.88%
Elapsed time = 1191.44 sec. (99187.66 ticks, tree = 3308.87 MB, solutions = 19)
Nodefile size = 1115.37 MB (601.47 MB after compression)
  10121  7181      918.0000   338      910.0000      918.0000  1436108    0.88%
  10282  7260      918.0000   536      910.0000      918.0000  1452598    0.88%
  10498  7392      918.0000   535      910.0000      918.0000  1461630    0.88%
  10700  7499      918.0000   717      910.0000      918.0000  1488927    0.88%
  10923  7535      918.0000   351      910.0000      918.0000  1500163    0.88%
  11104  7767      918.0000   430      910.0000      918.0000  1518109    0.88%
  11307  7817      918.0000   376      910.0000      918.0000  1520374    0.88%
  11520  8046      918.0000   397      910.0000      918.0000  1564497    0.88%
  11771  8028    infeasible            910.0000      918.0000  1558223    0.88%
  12043  8305    infeasible            910.0000      918.0000  1587496    0.88%
Elapsed time = 1382.81 sec. (108768.39 ticks, tree = 3748.58 MB, solutions = 20)
Nodefile size = 1601.21 MB (871.37 MB after compression)
  12217  8306      918.0000   359      910.0000      918.0000  1585926    0.88%
  12299  8394      918.0000   391      910.0000      918.0000  1601860    0.88%
  12301  8465      918.0000   471      910.0000      918.0000  1610378    0.88%
* 12302+ 5969                          912.0000      918.0000             0.66%
Exception raised in listener 'MipGapPrinter': 'int' object is not callable, id=64
  12302  5970      918.0000   200      912.0000      918.0000  1758925    0.66%
  12312  5977      918.0000   178      912.0000      918.0000  1759090    0.66%
  12347    43      918.0000   185      912.0000      918.0000  1759569    0.66%
  12567   220      918.0000   186      912.0000      918.0000  1765878    0.66%
  12936   409      918.0000   214      912.0000      918.0000  1769902    0.66%
  13564  1039      918.0000   172      912.0000      918.0000  1783098    0.66%
  14237  1543      918.0000   226      912.0000      918.0000  1791704    0.66%
Elapsed time = 1720.01 sec. (210364.51 ticks, tree = 519.07 MB, solutions = 21)
  14832  2017      918.0000   185      912.0000      918.0000  1799713    0.66%
  15379  2518      918.0000   235      912.0000      918.0000  1809336    0.66%
  15560  2931      918.0000   229      912.0000      918.0000  1818706    0.66%
  15611  2970      918.0000   191      912.0000      918.0000  1819663    0.66%
  15681  3030      918.0000   198      912.0000      918.0000  1821160    0.66%
* 15807+ 2576                          913.0000      918.0000             0.55%
  15867  3123      918.0000   190      913.0000      918.0000  1822777    0.55%
Exception raised in listener 'MipGapPrinter': 'int' object is not callable, id=104
  16178  3442      918.0000   196      913.0000      918.0000  1829034    0.55%
  16566  3620      918.0000   198      913.0000      918.0000  1832452    0.55%
  17074  3920      918.0000   233      913.0000      918.0000  1839683    0.55%
  17665  4269      918.0000   171      913.0000      918.0000  1849839    0.55%
Elapsed time = 1807.66 sec. (219973.57 ticks, tree = 1639.99 MB, solutions = 25)
  18232  4768      918.0000   205      913.0000      918.0000  1863410    0.55%
  18830  5024      918.0000   156      913.0000      918.0000  1871983    0.55%
  19426  5402    infeasible            913.0000      918.0000  1884640    0.55%
  20008  5910    infeasible            913.0000      918.0000  1902847    0.55%
  20605  6394      918.0000   227      913.0000      918.0000  1920885    0.55%
  21194  6502      918.0000   282      913.0000      918.0000  1926278    0.55%
  21907  6787      918.0000   162      913.0000      918.0000  1941809    0.55%
  22606  7180      918.0000   152      913.0000      918.0000  1959661    0.55%
  23358  7384      918.0000   145      913.0000      918.0000  1971393    0.55%
  26273  8457      918.0000   156      913.0000      918.0000  2037307    0.55%
Elapsed time = 1918.70 sec. (232384.96 ticks, tree = 2070.85 MB, solutions = 25)
Nodefile size = 7.15 MB (1.78 MB after compression)
  28780  9155    infeasible            913.0000      918.0000  2082069    0.55%
  30280  9830      918.0000   136      913.0000      918.0000  2111561    0.55%
  31276 10183      918.0000   170      913.0000      918.0000  2124940    0.55%
  32622 10279      918.0000   238      913.0000      918.0000  2141517    0.55%
  33911 10388    infeasible            913.0000      918.0000  2153831    0.55%
  34983 10543    infeasible            913.0000      918.0000  2169799    0.55%
  36264 10568    infeasible            913.0000      918.0000  2177294    0.55%
  37700 10587      918.0000   167      913.0000      918.0000  2185513    0.55%
  39181 10717      918.0000   240      913.0000      918.0000  2198168    0.55%
  40460 10802      918.0000   195      913.0000      918.0000  2206233    0.55%
Elapsed time = 2589.28 sec. (270563.23 ticks, tree = 2081.31 MB, solutions = 25)
Nodefile size = 31.83 MB (8.05 MB after compression)
  41720 10927      918.0000   149      913.0000      918.0000  2215319    0.55%
  42875 11021    infeasible            913.0000      918.0000  2220898    0.55%
  43895 11090      918.0000   162      913.0000      918.0000  2225666    0.55%
  44874 11153      918.0000   146      913.0000      918.0000  2230772    0.55%
  45701 11218      918.0000   146      913.0000      918.0000  2237705    0.55%
  46731 11252    infeasible            913.0000      918.0000  2241760    0.55%
  47808 11321      918.0000   150      913.0000      918.0000  2247095    0.55%
  48879 11379    infeasible            913.0000      918.0000  2252852    0.55%
  49861 11461      918.0000   144      913.0000      918.0000  2259587    0.55%
  51027 11519    infeasible            913.0000      918.0000  2265803    0.55%
Elapsed time = 3194.44 sec. (308740.31 ticks, tree = 2087.84 MB, solutions = 25)
Nodefile size = 38.80 MB (10.12 MB after compression)
  52084 11547      918.0000   146      913.0000      918.0000  2273146    0.55%
  53351 11518      918.0000   145      913.0000      918.0000  2279380    0.55%
  54647 11551      918.0000   150      913.0000      918.0000  2286558    0.55%
  55987 11607    infeasible            913.0000      918.0000  2296561    0.55%
  57225 11646      918.0000   150      913.0000      918.0000  2302032    0.55%
  58622 11636    infeasible            913.0000      918.0000  2307795    0.55%
  60007 11658      918.0000   147      913.0000      918.0000  2315872    0.55%
  61392 11767    infeasible            913.0000      918.0000  2326105    0.55%
  62546 11872      918.0000   153      913.0000      918.0000  2334969    0.55%
  63795 11904      918.0000   147      913.0000      918.0000  2344116    0.55%
Elapsed time = 3748.96 sec. (346917.72 ticks, tree = 2086.82 MB, solutions = 25)
Nodefile size = 35.95 MB (9.11 MB after compression)
  64736 12136      918.0000   142      913.0000      918.0000  2361050    0.55%
* 64881+11952                          915.0000      918.0000             0.33%
  65449 12130      918.0000   150      915.0000      918.0000  2365926    0.33%
  66410 12129    infeasible            915.0000      918.0000  2369996    0.33%
* 67233+12066                          917.0000      918.0000             0.11%
  67472 12079    infeasible            917.0000      918.0000  2376257    0.11%
  68618 12094    infeasible            917.0000      918.0000  2383441    0.11%
  69583 12090      918.0000   159      917.0000      918.0000  2391215    0.11%
  70813 12158      918.0000   157      917.0000      918.0000  2397749    0.11%
  71909 12287      918.0000   154      917.0000      918.0000  2408211    0.11%
  73054 12554      918.0000   191      917.0000      918.0000  2417773    0.11%
  73983 12624      918.0000   153      917.0000      918.0000  2423298    0.11%
Elapsed time = 4705.44 sec. (385086.02 ticks, tree = 2103.44 MB, solutions = 25)
Nodefile size = 54.10 MB (14.08 MB after compression)
  74985 12776      918.0000   148      917.0000      918.0000  2429823    0.11%
  76001 13005      918.0000   152      917.0000      918.0000  2434470    0.11%
  76866 13161      918.0000   148      917.0000      918.0000  2438905    0.11%
  77826 13269      918.0000   152      917.0000      918.0000  2442979    0.11%
  78835 13596      918.0000   186      917.0000      918.0000  2449448    0.11%
  79677 13892      918.0000   153      917.0000      918.0000  2454518    0.11%
  80450 14012      918.0000   159      917.0000      918.0000  2458096    0.11%
  81350 14035      918.0000   152      917.0000      918.0000  2462712    0.11%
  82256 14047      918.0000   177      917.0000      918.0000  2468414    0.11%
  83226 14159      918.0000   165      917.0000      918.0000  2473160    0.11%
Elapsed time = 5287.85 sec. (423272.06 ticks, tree = 2123.93 MB, solutions = 25)
Nodefile size = 72.52 MB (18.30 MB after compression)
  84035 14480      918.0000   144      917.0000      918.0000  2480148    0.11%
  84890 14704      918.0000   281      917.0000      918.0000  2484085    0.11%
  85587 14828      918.0000   144      917.0000      918.0000  2492826    0.11%
  86298 14911      918.0000   151      917.0000      918.0000  2498483    0.11%
  87041 14994      918.0000   179      917.0000      918.0000  2506754    0.11%
  87717 15063      918.0000   149      917.0000      918.0000  2510588    0.11%
  88446 15268      918.0000   149      917.0000      918.0000  2513978    0.11%
  89152 15332    infeasible            917.0000      918.0000  2518638    0.11%
  89857 15372      918.0000   152      917.0000      918.0000  2524642    0.11%
  90531 15514      918.0000   148      917.0000      918.0000  2532775    0.11%
Elapsed time = 5628.42 sec. (461474.99 ticks, tree = 2142.07 MB, solutions = 25)
Nodefile size = 91.30 MB (23.46 MB after compression)
  91251 15619      918.0000   280      917.0000      918.0000  2547058    0.11%
  92081 15898      918.0000   149      917.0000      918.0000  2553880    0.11%
  92782 15955      918.0000   164      917.0000      918.0000  2557388    0.11%
  93409 15966      918.0000   151      917.0000      918.0000  2564590    0.11%
  94041 16004    infeasible            917.0000      918.0000  2566771    0.11%
* 94293+12066                          918.0000      918.0000             0.00%
  94768 16066      918.0000   162      918.0000      918.0000  2575050    0.00%
  95452 16167    infeasible            918.0000      918.0000  2582618    0.00%
  96012 16284      918.0000   161      918.0000      918.0000  2592374    0.00%
  96735 16450      918.0000   136      918.0000      918.0000  2604211    0.00%
  97362 16440      918.0000   149      918.0000      918.0000  2607865    0.00%
Elapsed time = 5965.69 sec. (499681.60 ticks, tree = 2155.43 MB, solutions = 25)
Nodefile size = 104.80 MB (27.50 MB after compression)
  97775 16559      918.0000   141      918.0000      918.0000  2615036    0.00%
  98438 16562    infeasible            918.0000      918.0000  2621275    0.00%
  99098 16581    infeasible            918.0000      918.0000  2628997    0.00%
  99822 16620      918.0000   155      918.0000      918.0000  2634307    0.00%
 100497 16631    infeasible            918.0000      918.0000  2639119    0.00%
 101131 16652      918.0000   151      918.0000      918.0000  2646242    0.00%
 101727 16738    infeasible            918.0000      918.0000  2651335    0.00%
 102402 16816      918.0000   160      918.0000      918.0000  2663592    0.00%
 103050 16816      918.0000   161      918.0000      918.0000  2668192    0.00%
 103734 16876    infeasible            918.0000      918.0000  2672091    0.00%
Elapsed time = 6294.83 sec. (537899.57 ticks, tree = 2159.42 MB, solutions = 25)
Nodefile size = 108.67 MB (28.24 MB after compression)
 104321 16874      918.0000   162      918.0000      918.0000  2678057    0.00%
 104983 16967      918.0000   171      918.0000      918.0000  2687495    0.00%
 105499 16992      918.0000   172      918.0000      918.0000  2693344    0.00%
 106064 17166      918.0000   230      918.0000      918.0000  2707833    0.00%
 106483 17550      918.0000   240      918.0000      918.0000  2723909    0.00%
 106621 17275      918.0000   178      918.0000      918.0000  2708071    0.00%
 106623 17455      918.0000   149      918.0000      918.0000  2721670    0.00%
Exception raised in listener 'MipGapPrinter': 'int' object is not callable, id=269
 106628 11912    infeasible            918.0000      918.0000  2348320    0.00%

Clique cuts applied:  1
Cover cuts applied:  23
Implied bound cuts applied:  40
Flow cuts applied:  3
Mixed integer rounding cuts applied:  7
Zero-half cuts applied:  3
Gomory fractional cuts applied:  4

Root node processing (before b&c):
  Real time             =  263.27 sec. (47689.66 ticks)
Parallel b&c, 32 threads:
  Real time             = 6220.37 sec. (592020.22 ticks)
  Sync time (average)   = 4562.23 sec.
  Wait time (average)   =    0.63 sec.
                          ------------
Total (root+branch&cut) = 6483.64 sec. (639709.88 ticks)
status  = integer optimal solution
time    = 6484.13 s.
problem = MILP
gap     = 0%

Objective value: 918.0
[50, 150, 12, 6, 364, 364, 918, 918, 0.0, 6484.13]
