CPXPARAM_Read_DataCheck                          1
CPXPARAM_TimeLimit                               14400
Tried aggregator 2 times.
MIP Presolve eliminated 26401 rows and 248467 columns.
MIP Presolve modified 1432 coefficients.
Aggregator did 900 substitutions.
Reduced MIP has 277361 rows, 62469 columns, and 789100 nonzeros.
Reduced MIP has 57469 binaries, 0 generals, 0 SOSs, and 0 indicators.
Presolve time = 2.35 sec. (2556.69 ticks)
Probing time = 0.43 sec. (16.68 ticks)
Tried aggregator 1 time.
MIP Presolve eliminated 196000 rows and 4000 columns.
Reduced MIP has 81361 rows, 58469 columns, and 397100 nonzeros.
Reduced MIP has 57469 binaries, 0 generals, 0 SOSs, and 0 indicators.
Presolve time = 0.94 sec. (418.73 ticks)
Probing time = 0.26 sec. (12.43 ticks)
Clique table members: 31937.
MIP emphasis: balance optimality and feasibility.
MIP search method: dynamic search.
Parallel mode: deterministic, using up to 32 threads.
Root relaxation solution time = 2.67 sec. (745.13 ticks)

        Nodes                                         Cuts/
   Node  Left     Objective  IInf  Best Integer    Best Bound    ItCnt     Gap

*     0+    0                          716.0000      918.0000            28.21%
      0     0      846.3000   680      716.0000      846.3000     3989   18.20%
Exception raised in listener 'MipGapPrinter': 'int' object is not callable, id=1
      0     0      846.3000   680      716.0000     Cuts: 306     6952   18.20%
      0     0      846.3000   672      716.0000     Cuts: 174    11964   18.20%
      0     0      846.3000   873      716.0000     Cuts: 552    18062   18.20%
      0     2      846.3000   359      716.0000      846.3000    18062   18.20%
Elapsed time = 59.94 sec. (25436.82 ticks, tree = 0.02 MB, solutions = 1)
      4     6      846.3000   356      716.0000      846.3000    18679   18.20%
      6     8      846.3000   409      716.0000      846.3000    19986   18.20%
      9    11      846.3000   403      716.0000      846.3000    21507   18.20%
     13    14      846.3000   609      716.0000      846.3000    24483   18.20%
     18    17      846.3000   547      716.0000      846.3000    26799   18.20%
     22     4      846.3000   409      716.0000      846.3000    19299   18.20%
     26    20      846.3000   617      716.0000      846.3000    29929   18.20%
     30    15      846.3000   620      716.0000      846.3000    24600   18.20%
     33    29      846.3000   651      716.0000      846.3000    39204   18.20%
     80    50      846.3000   605      716.0000      846.3000    88170   18.20%
Elapsed time = 85.83 sec. (29424.74 ticks, tree = 0.14 MB, solutions = 1)
    257    66      846.3000   607      716.0000      846.3000   120706   18.20%
    495   379      846.3000   492      716.0000      846.3000   291242   18.20%
    731   551      846.3000   556      716.0000      846.3000   346369   18.20%
    943   799      846.3000   553      716.0000      846.3000   398958   18.20%
   1140   924      846.3000   475      716.0000      846.3000   415553   18.20%
   1336  1192      846.3000   458      716.0000      846.3000   466950   18.20%
   1530  1340      846.3000   493      716.0000      846.3000   483133   18.20%
   1691  1479      846.3000   510      716.0000      846.3000   505526   18.20%
   1873  1633      846.3000   507      716.0000      846.3000   533449   18.20%
   2125  1836      846.3000   502      716.0000      846.3000   557892   18.20%
Elapsed time = 185.12 sec. (39015.36 ticks, tree = 36.49 MB, solutions = 1)
   2415  1983      846.3000   459      716.0000      846.3000   575748   18.20%
   2747  2453      846.3000   458      716.0000      846.3000   633701   18.20%
   3075  2495      846.3000   483      716.0000      846.3000   640424   18.20%
   3440  2883      846.3000   540      716.0000      846.3000   683849   18.20%
   3819  3243      846.3000   635      716.0000      846.3000   725659   18.20%
   4148  3825      846.1667   470      716.0000      846.3000   791297   18.20%
   4534  3724      846.3000   483      716.0000      846.3000   778382   18.20%
   4963  4020      846.3000   460      716.0000      846.3000   811565   18.20%
   5342  4358      846.0000   528      716.0000      846.3000   849315   18.20%
   5614  5375      846.0000   484      716.0000      846.3000   962380   18.20%
Elapsed time = 267.35 sec. (48587.05 ticks, tree = 143.52 MB, solutions = 1)
   5857  5450      844.5000   370      716.0000      846.3000   971317   18.20%
   6099  5851      844.5000   364      716.0000      846.3000  1014351   18.20%
   6354  5869      844.5000   376      716.0000      846.3000  1015063   18.20%
*  6366+ 4957                          816.0000      846.3000             3.71%
*  6553+ 5227                          821.0000      846.3000             3.08%
   6590  6281      845.1667   460      821.0000      846.3000  1064764    3.08%
   6856  6471      844.5833   444      821.0000      846.3000  1085847    3.08%
   7118  6666      844.3333   401      821.0000      846.3000  1103019    3.08%
Exception raised in listener 'MipGapPrinter': 'int' object is not callable, id=43
   7389  6905    infeasible            821.0000      846.3000  1125189    3.08%
   7674  7093      845.2500   411      821.0000      846.3000  1144626    3.08%
   7973  7508      844.4000   378      821.0000      846.3000  1181294    3.08%
   8328  7714      846.1667   426      821.0000      846.3000  1207171    3.08%
Elapsed time = 361.54 sec. (58160.17 ticks, tree = 210.09 MB, solutions = 7)
   8727  7712      845.1667   424      821.0000      846.3000  1206353    3.08%
   9102  7921      841.6667   421      821.0000      846.3000  1232714    3.08%
   9588  8656      845.8000   459      821.0000      846.3000  1315243    3.08%
*  9766+ 8780                          825.0000      846.3000             2.58%
  10090  8982      842.4500   391      825.0000      846.3000  1339358    2.58%
* 10257+ 8780                          832.0000      846.3000             1.72%
  10572  9335      843.0000   362      832.0000      846.3000  1395168    1.72%
  11055  9477      843.1167   415      832.0000      846.3000  1403064    1.72%
Exception raised in listener 'MipGapPrinter': 'int' object is not callable, id=48
* 11440+ 9048                          833.0000      846.3000             1.60%
  11557 10503      841.8750   372      833.0000      846.3000  1505976    1.60%
  12117 10458    infeasible            833.0000      846.3000  1498434    1.60%
  12573 11346      841.2000   413      833.0000      846.3000  1594590    1.60%
  12875 11282      842.0000   398      833.0000      846.3000  1588866    1.60%
Elapsed time = 445.04 sec. (67718.60 ticks, tree = 314.37 MB, solutions = 23)
* 12924+ 8386                          834.0000      845.0000             1.32%
* 12924+ 5590                          835.0000      845.0000             1.20%
Exception raised in listener 'MipGapPrinter': 'int' object is not callable, id=49
  12924  5591      845.0000   241      835.0000      845.0000  1782651    1.20%
  12925  5591      845.0000   222      835.0000      845.0000  1782676    1.20%
  12927  5593      845.0000   204      835.0000      845.0000  1782801    1.20%
  12930  2800      845.0000   216      835.0000      845.0000  1782930    1.20%
  12936  1206      845.0000   258      835.0000      845.0000  1783684    1.20%
  12945   487      845.0000   240      835.0000      845.0000  1784578    1.20%
  12961    26      845.0000   287      835.0000      845.0000  1784541    1.20%
  12994    22      845.0000   315      835.0000      845.0000  1785315    1.20%
  13036    57      845.0000   243      835.0000      845.0000  1792697    1.20%
  13094   131      845.0000   234      835.0000      845.0000  1804864    1.20%
Elapsed time = 762.72 sec. (143903.51 ticks, tree = 0.97 MB, solutions = 25)
  13190   153      845.0000   250      835.0000      845.0000  1808872    1.20%
  13310   201      845.0000   356      835.0000      845.0000  1815446    1.20%
  13474   408      845.0000   352      835.0000      845.0000  1833231    1.20%
  13647   384      845.0000   385      835.0000      845.0000  1830958    1.20%
  13822   791      845.0000   294      835.0000      845.0000  1863610    1.20%
  13962   829      845.0000   280      835.0000      845.0000  1865944    1.20%
  14125   935      845.0000   299      835.0000      845.0000  1878817    1.20%
  14330  1137      845.0000   263      835.0000      845.0000  1902527    1.20%
  14526  1322      845.0000   384      835.0000      845.0000  1926864    1.20%
  14761  1547      845.0000   345      835.0000      845.0000  1945193    1.20%
Elapsed time = 852.34 sec. (153511.24 ticks, tree = 472.33 MB, solutions = 25)
  14986  1770      845.0000   297      835.0000      845.0000  1963714    1.20%
  15184  1837      845.0000   375      835.0000      845.0000  1967714    1.20%
  15393  1996      845.0000   324      835.0000      845.0000  1980284    1.20%
  15544  2249      845.0000   296      835.0000      845.0000  2003365    1.20%
  15699  2460      845.0000   342      835.0000      845.0000  2026109    1.20%
  15794  2481      845.0000   295      835.0000      845.0000  2027601    1.20%
  15862  2691      845.0000   322      835.0000      845.0000  2048482    1.20%
  15927  2747      845.0000   328      835.0000      845.0000  2051906    1.20%
* 15982+ 1918                          836.0000      845.0000             1.08%
  16010  2723      845.0000   330      836.0000      845.0000  2051469    1.08%
  16101  2879      845.0000   354      836.0000      845.0000  2062704    1.08%
Elapsed time = 953.88 sec. (163117.26 ticks, tree = 1283.12 MB, solutions = 26)
  16183  2903      845.0000   355      836.0000      845.0000  2064723    1.08%
  16322  2847      845.0000   354      836.0000      845.0000  2062489    1.08%
  16448  3163      845.0000   343      836.0000      845.0000  2087800    1.08%
  16558  3082      845.0000   327      836.0000      845.0000  2081604    1.08%
  16700  3256      845.0000   302      836.0000      845.0000  2093952    1.08%
  16859  3492      845.0000   378      836.0000      845.0000  2113624    1.08%
  17055  3540      845.0000   274      836.0000      845.0000  2117335    1.08%
  17179  3609      845.0000   389      836.0000      845.0000  2122512    1.08%
Exception raised in listener 'MipGapPrinter': 'int' object is not callable, id=72
  17334  4090      845.0000   349      836.0000      845.0000  2158709    1.08%
  17515  3979      845.0000   347      836.0000      845.0000  2149918    1.08%
Elapsed time = 1049.67 sec. (172731.69 ticks, tree = 1995.06 MB, solutions = 31)
  17675  4078      845.0000   346      836.0000      845.0000  2158715    1.08%
* 17703+ 2625                          837.0000      845.0000             0.96%
  17858  4471      845.0000   311      837.0000      845.0000  2186900    0.96%
  18019  4648      845.0000   311      837.0000      845.0000  2201947    0.96%
Exception raised in listener 'MipGapPrinter': 'int' object is not callable, id=74
  18203  4606      845.0000   351      837.0000      845.0000  2199397    0.96%
  18372  4814      844.6667   320      837.0000      845.0000  2214623    0.96%
  18545  4794      845.0000   343      837.0000      845.0000  2214316    0.96%
  18732  5079      845.0000   315      837.0000      845.0000  2237339    0.96%
  18947  5321      845.0000   371      837.0000      845.0000  2256502    0.96%
  19176  5487      845.0000   355      837.0000      845.0000  2273458    0.96%
  19963  6454      845.0000   322      837.0000      845.0000  2358612    0.96%
Elapsed time = 1181.20 sec. (185168.31 ticks, tree = 2503.55 MB, solutions = 34)
Nodefile size = 368.65 MB (194.05 MB after compression)
  20926  7047      844.6667   373      837.0000      845.0000  2411626    0.96%
  21923  7963      845.0000   349      837.0000      845.0000  2470824    0.96%
  22976  9142      845.0000   329      837.0000      845.0000  2531794    0.96%
  24098 10371      845.0000   314      837.0000      845.0000  2574438    0.96%
  25226 11250      843.0000   219      837.0000      845.0000  2616079    0.96%
  26119 12008    infeasible            837.0000      845.0000  2655931    0.96%
  26920 12603      845.0000   337      837.0000      845.0000  2698408    0.96%
  27745 13463      845.0000   265      837.0000      845.0000  2757458    0.96%
  28695 13959      844.0000   252      837.0000      845.0000  2790934    0.96%
  29458 14939      845.0000   233      837.0000      845.0000  2844787    0.96%
Elapsed time = 1631.13 sec. (223355.11 ticks, tree = 5757.28 MB, solutions = 34)
Nodefile size = 3150.88 MB (1731.61 MB after compression)
  30331 15626      845.0000   300      837.0000      845.0000  2896315    0.96%
  31007 16435      844.0000   174      837.0000      845.0000  2967803    0.96%
  31823 16967      845.0000   314      837.0000      845.0000  3021692    0.96%
  32643 17954      845.0000   292      837.0000      845.0000  3112617    0.96%
  33304 18488      845.0000   326      837.0000      845.0000  3159942    0.96%
  34280 19387      845.0000   335      837.0000      845.0000  3238543    0.96%
  35259 20025      845.0000   321      837.0000      845.0000  3294453    0.96%
  36083 21206      845.0000   310      837.0000      845.0000  3399023    0.96%
  37222 21997      845.0000   334      837.0000      845.0000  3469800    0.96%
  38363 23031      844.7500   333      837.0000      845.0000  3546578    0.96%
Elapsed time = 2204.11 sec. (261550.61 ticks, tree = 9409.02 MB, solutions = 34)
Nodefile size = 6704.49 MB (3722.49 MB after compression)
  39643 23850      840.2500   320      837.0000      845.0000  3619907    0.96%
  40830 24834      845.0000   311      837.0000      845.0000  3680469    0.96%
  41885 25973      845.0000   288      837.0000      845.0000  3762122    0.96%
  42961 26864      844.3333   290      837.0000      845.0000  3837904    0.96%
  44187 27624      845.0000   304      837.0000      845.0000  3896305    0.96%
  45347 28457      843.3333   346      837.0000      845.0000  3950914    0.96%
  46504 29598      845.0000   236      837.0000      845.0000  4031692    0.96%
  47553 30366      845.0000   280      837.0000      845.0000  4083141    0.96%
  48694 31570      845.0000   303      837.0000      845.0000  4172358    0.96%
  49798 31994      845.0000   309      837.0000      845.0000  4197792    0.96%
Elapsed time = 2896.52 sec. (299737.52 ticks, tree = 14476.03 MB, solutions = 34)
Nodefile size = 11753.48 MB (6567.45 MB after compression)
  50923 33489      845.0000   255      837.0000      845.0000  4293214    0.96%
  52082 33973      839.7500   333      837.0000      845.0000  4325867    0.96%
  53187 34773      845.0000   374      837.0000      845.0000  4384091    0.96%
  53911 35731      845.0000   263      837.0000      845.0000  4455377    0.96%
  54407 36621      845.0000   267      837.0000      845.0000  4516831    0.96%
  56004 36875      845.0000   287      837.0000      845.0000  4531302    0.96%
  57154 37876      845.0000   395      837.0000      845.0000  4584146    0.96%
  57589 39347      845.0000   263      837.0000      845.0000  4663601    0.96%
  58113 39729      845.0000   253      837.0000      845.0000  4692943    0.96%
* 58690+39733                          838.0000      845.0000             0.84%
  58760 40072      845.0000   205      838.0000      845.0000  4729720    0.84%
Elapsed time = 3682.94 sec. (337913.49 ticks, tree = 19366.21 MB, solutions = 35)
Nodefile size = 16644.11 MB (9336.21 MB after compression)
  59268 40246      845.0000   280      838.0000      845.0000  4746145    0.84%
  59846 41013      845.0000   251      838.0000      845.0000  4790655    0.84%
  60326 41287      845.0000   263      838.0000      845.0000  4814911    0.84%
Exception raised in listener 'MipGapPrinter': 'int' object is not callable, id=127
  60829 41870      845.0000   253      838.0000      845.0000  4857186    0.84%
  62001 42420      845.0000   295      838.0000      845.0000  4895535    0.84%
  63267 43285      845.0000   270      838.0000      845.0000  4940398    0.84%
  63860 43820      845.0000   272      838.0000      845.0000  4974563    0.84%
  64127 45292      845.0000   262      838.0000      845.0000  5061691    0.84%
  65148 45497      845.0000   327      838.0000      845.0000  5068867    0.84%
* 65236+44526                          839.0000      845.0000             0.72%
  66036 46083      845.0000   272      839.0000      845.0000  5113085    0.72%
Elapsed time = 4760.56 sec. (376224.08 ticks, tree = 22508.72 MB, solutions = 35)
Nodefile size = 19823.29 MB (11113.65 MB after compression)
* 66264+44727                          840.0000      845.0000             0.60%
  66652 46556      844.0000   442      840.0000      845.0000  5174336    0.60%
  67009 47417  -1.00000e+75   274      840.0000      845.0000  5246206    0.60%
  67998 48020      845.0000   262      840.0000      845.0000  5282463    0.60%
  69101 48768      845.0000   269      840.0000      845.0000  5337014    0.60%
  70118 49344      845.0000   281      840.0000      845.0000  5375896    0.60%
  70469 50258      845.0000   268      840.0000      845.0000  5443313    0.60%
  71259 50932      843.8500   362      840.0000      845.0000  5495847    0.60%
  72514 51085      845.0000   312      840.0000      845.0000  5510542    0.60%
* 73657+44727                          841.0000      845.0000             0.48%
  73815 52749      845.0000   267      841.0000      845.0000  5618557    0.48%
  74396 53149      845.0000   285      841.0000      845.0000  5644011    0.48%
Elapsed time = 5812.14 sec. (414428.68 ticks, tree = 26408.08 MB, solutions = 35)
Nodefile size = 23739.11 MB (13308.58 MB after compression)
  74764 54159      845.0000   328      841.0000      845.0000  5704694    0.48%
  75808 54433      845.0000   219      841.0000      845.0000  5723865    0.48%
  77198 54756      845.0000   395      841.0000      845.0000  5743801    0.48%
  78402 56168      845.0000   293      841.0000      845.0000  5822580    0.48%
  78794 56706      840.5000   282      841.0000      845.0000  5872822    0.48%
  79226 58028      843.2500   280      841.0000      845.0000  5946137    0.48%
  80365 58236      845.0000   265      841.0000      845.0000  5964754    0.48%
  81665 58463      844.3333   303      841.0000      845.0000  5979847    0.48%
  82544 59748      844.8667   308      841.0000      845.0000  6066369    0.48%
  82969 60853      845.0000   231      841.0000      845.0000  6145038    0.48%
Elapsed time = 6220.17 sec. (452633.79 ticks, tree = 31136.01 MB, solutions = 35)
Nodefile size = 28439.37 MB (15968.64 MB after compression)
  83546 61504      843.3333   304      841.0000      845.0000  6187281    0.48%
  84615 61889      845.0000   340      841.0000      845.0000  6212102    0.48%
  85930 62507      845.0000   273      841.0000      845.0000  6260877    0.48%
  86793 63438      845.0000   356      841.0000      845.0000  6352808    0.48%
  87371 64527      845.0000   329      841.0000      845.0000  6442258    0.48%
  88174 64801      845.0000   277      841.0000      845.0000  6453894    0.48%
  89183 65590      845.0000   305      841.0000      845.0000  6497515    0.48%
* 89646+44652                          842.0000      845.0000             0.36%
  90544 65576      845.0000   229      842.0000      845.0000  6493703    0.36%
  91819 67352      845.0000   264      842.0000      845.0000  6601565    0.36%
  92440 67391    infeasible            842.0000      845.0000  6603992    0.36%
Elapsed time = 6594.55 sec. (490818.24 ticks, tree = 35079.33 MB, solutions = 35)
Nodefile size = 32368.94 MB (18185.50 MB after compression)
  92955 68809      845.0000   307      842.0000      845.0000  6690406    0.36%
  93868 69389      844.1500   255      842.0000      845.0000  6718332    0.36%
  95397 69625      845.0000   320      842.0000      845.0000  6730896    0.36%
  96824 71182      845.0000   318      842.0000      845.0000  6812349    0.36%
  97743 71571      844.0000   308      842.0000      845.0000  6832762    0.36%
  98271 73094      845.0000   249      842.0000      845.0000  6924591    0.36%
  98892 73482      845.0000   282      842.0000      845.0000  6945755    0.36%
  99923 74089      845.0000   254      842.0000      845.0000  6993307    0.36%
 101368 74656      845.0000   276      842.0000      845.0000  7036354    0.36%
 102709 75220      844.9167   299      842.0000      845.0000  7065165    0.36%
Elapsed time = 6940.12 sec. (529001.18 ticks, tree = 39195.40 MB, solutions = 35)
Nodefile size = 36481.09 MB (20494.03 MB after compression)
 103537 76412      845.0000   267      842.0000      845.0000  7161519    0.36%
 104031 77686      845.0000   324      842.0000      845.0000  7241972    0.36%
 104753 78082      845.0000   226      842.0000      845.0000  7270524    0.36%
 105442 78609      845.0000   311      842.0000      845.0000  7301399    0.36%
 106557 79127      845.0000   308      842.0000      845.0000  7332143    0.36%
 108100 80369      843.1500   250      842.0000      845.0000  7413397    0.36%
 109429 80697      845.0000   291      842.0000      845.0000  7444494    0.36%
 110109 82198      845.0000   239      842.0000      845.0000  7537506    0.36%
 110760 83200      845.0000   311      842.0000      845.0000  7597075    0.36%
 111543 83786      845.0000   253      842.0000      845.0000  7643988    0.36%
Elapsed time = 7281.21 sec. (567207.29 ticks, tree = 43679.03 MB, solutions = 35)
Nodefile size = 41043.26 MB (23052.50 MB after compression)
 112248 83781      845.0000   251      842.0000      845.0000  7644503    0.36%
 113292 84550      845.0000   215      842.0000      845.0000  7695376    0.36%
 114472 85600      845.0000   233      842.0000      845.0000  7755993    0.36%
 115618 85934      845.0000   243      842.0000      845.0000  7778824    0.36%
 116406 86521      845.0000   276      842.0000      845.0000  7821392    0.36%
 117080 87236    infeasible            842.0000      845.0000  7872851    0.36%
 117695 88413      845.0000   272      842.0000      845.0000  7955123    0.36%
 118483 89074      845.0000   288      842.0000      845.0000  8003923    0.36%
 119580 89639      839.0000   261      842.0000      845.0000  8039919    0.36%
 120907 89946      845.0000   231      842.0000      845.0000  8072825    0.36%
Elapsed time = 7628.66 sec. (605392.33 ticks, tree = 47281.59 MB, solutions = 35)
Nodefile size = 44610.42 MB (25060.83 MB after compression)
 121910 91505      845.0000   319      842.0000      845.0000  8199789    0.36%
 122524 92622      845.0000   282      842.0000      845.0000  8285776    0.36%
 123037 92559      845.0000   347      842.0000      845.0000  8279503    0.36%
 123643 93308      845.0000   309      842.0000      845.0000  8344943    0.36%
 124271 94065      845.0000   272      842.0000      845.0000  8410081    0.36%
 125003 94574    infeasible            842.0000      845.0000  8466228    0.36%
 126288 94915      845.0000   308      842.0000      845.0000  8482959    0.36%
 127522 95930      845.0000   329      842.0000      845.0000  8580115    0.36%
 128196 96400      845.0000   285      842.0000      845.0000  8612119    0.36%
 128756 97396      844.6667   370      842.0000      845.0000  8695340    0.36%
Elapsed time = 7969.00 sec. (643606.16 ticks, tree = 51308.49 MB, solutions = 35)
Nodefile size = 48664.71 MB (27343.04 MB after compression)
 129424 98461      845.0000   308      842.0000      845.0000  8787545    0.36%
 130165 98621      843.2500   275      842.0000      845.0000  8798450    0.36%
 130872 98855      845.0000   352      842.0000      845.0000  8812338    0.36%
 131742 100197      843.0000   353      842.0000      845.0000  8922053    0.36%
 132661 100594      845.0000   281      842.0000      845.0000  8956682    0.36%
 133835 100932      845.0000   282      842.0000      845.0000  8976941    0.36%
 134928 101586    infeasible            842.0000      845.0000  9031840    0.36%
 135914 102203      844.2500   326      842.0000      845.0000  9074993    0.36%
 136693 103483    infeasible            842.0000      845.0000  9188151    0.36%
 137445 103664      844.0000   291      842.0000      845.0000  9193599    0.36%
Elapsed time = 8301.57 sec. (681784.23 ticks, tree = 54457.19 MB, solutions = 35)
Nodefile size = 51771.02 MB (29082.89 MB after compression)
 138239 104134      845.0000   305      842.0000      845.0000  9236863    0.36%
 139100 105297      844.3333   285      842.0000      845.0000  9316649    0.36%
 140106 105183      841.2500   320      842.0000      845.0000  9314180    0.36%
 141193 106408      844.9667   332      842.0000      845.0000  9397635    0.36%
 142205 107366      844.0000   353      842.0000      845.0000  9440355    0.36%
 143411 108128      845.0000   241      842.0000      845.0000  9499472    0.36%
 144331 108197      844.2500   270      842.0000      845.0000  9514627    0.36%
 145227 110321      845.0000   350      842.0000      845.0000  9652496    0.36%
 146043 110205    infeasible            842.0000      845.0000  9649843    0.36%
 146842 111115      845.0000   364      842.0000      845.0000  9712637    0.36%
Elapsed time = 8642.33 sec. (719960.22 ticks, tree = 58651.33 MB, solutions = 35)
Nodefile size = 55978.39 MB (31465.98 MB after compression)
 147632 111267      845.0000   285      842.0000      845.0000  9735912    0.36%
 148475 111858      845.0000   325      842.0000      845.0000  9776626    0.36%
Exception raised in listener 'MipGapPrinter': 'int' object is not callable, id=193
 149399 110721      845.0000   254      842.0000      845.0000  9813680    0.36%
 150228 112028      845.0000   344      842.0000      845.0000  9923643    0.36%
 151114 112314      845.0000   308      842.0000      845.0000  9930639    0.36%
 152179 113226      845.0000   265      842.0000      845.0000 10004709    0.36%
 153241 113693      845.0000   307      842.0000      845.0000 10049752    0.36%
 154415 115297      843.2500   271      842.0000      845.0000 10144219    0.36%
 155595 114771    infeasible            842.0000      845.0000 10110238    0.36%
 156925 116226      845.0000   290      842.0000      845.0000 10225095    0.36%
Elapsed time = 8994.58 sec. (758144.25 ticks, tree = 60563.39 MB, solutions = 39)
Nodefile size = 57869.73 MB (32513.91 MB after compression)
 158006 118006      844.1500   368      842.0000      845.0000 10363922    0.36%
 159243 118507    infeasible            842.0000      845.0000 10390926    0.36%
 160356 118985      845.0000   289      842.0000      845.0000 10448204    0.36%
 161328 119300      845.0000   356      842.0000      845.0000 10472443    0.36%
 162394 120343      845.0000   416      842.0000      845.0000 10535274    0.36%
 163410 120459      845.0000   326      842.0000      845.0000 10545416    0.36%
 164504 122816    infeasible            842.0000      845.0000 10710300    0.36%
 165677 122905      845.0000   312      842.0000      845.0000 10714217    0.36%
 166785 123076      845.0000   238      842.0000      845.0000 10726109    0.36%
 168072 124497      845.0000   345      842.0000      845.0000 10837754    0.36%
Elapsed time = 9383.29 sec. (796319.39 ticks, tree = 64508.29 MB, solutions = 44)
Nodefile size = 61886.60 MB (34765.03 MB after compression)
 169294 124644      845.0000   316      842.0000      845.0000 10850210    0.36%
 170456 127131      845.0000   331      842.0000      845.0000 11003212    0.36%
 171766 127209      844.3333   325      842.0000      845.0000 11007045    0.36%
 173068 128031    infeasible            842.0000      845.0000 11081361    0.36%
 174408 130442      845.0000   257      842.0000      845.0000 11234793    0.36%
 175616 129773      843.6667   300      842.0000      845.0000 11196563    0.36%
 176747 131033      845.0000   353      842.0000      845.0000 11290127    0.36%
 177918 132323      845.0000   283      842.0000      845.0000 11373440    0.36%
 179183 133144      845.0000   315      842.0000      845.0000 11437722    0.36%
 180218 133428      845.0000   353      842.0000      845.0000 11440774    0.36%
Elapsed time = 9794.50 sec. (834519.27 ticks, tree = 68147.32 MB, solutions = 48)
Nodefile size = 65468.99 MB (36761.91 MB after compression)
 181178 135833      845.0000   363      842.0000      845.0000 11633206    0.36%
 182250 135020    infeasible            842.0000      845.0000 11585077    0.36%
 183405 136573    infeasible            842.0000      845.0000 11716720    0.36%
 184410 137296      845.0000   337      842.0000      845.0000 11765825    0.36%
 185476 139044      845.0000   365      842.0000      845.0000 11924119    0.36%
 186598 139837      845.0000   302      842.0000      845.0000 12004920    0.36%
 187948 140988      845.0000   203      842.0000      845.0000 12091759    0.36%
 189335 142039      845.0000   311      842.0000      845.0000 12202316    0.36%
 190958 141148    infeasible            842.0000      845.0000 12110578    0.36%
 192599 142177      845.0000   338      842.0000      845.0000 12213119    0.36%
Elapsed time = 10230.08 sec. (872705.67 ticks, tree = 71844.72 MB, solutions = 54)
Nodefile size = 69317.64 MB (38924.44 MB after compression)
Exception raised in listener 'MipGapPrinter': 'int' object is not callable, id=208
 193983 142360      844.6667   315      842.0000      845.0000 12396587    0.36%
 195402 142045      845.0000   289      842.0000      845.0000 12351284    0.36%
 196838 143197      843.3333   298      842.0000      845.0000 12444001    0.36%
 198337 144088      845.0000   227      842.0000      845.0000 12509371    0.36%
 199784 144599      845.0000   242      842.0000      845.0000 12542037    0.36%
 201145 145564      845.0000   282      842.0000      845.0000 12604693    0.36%
 202441 145909    infeasible            842.0000      845.0000 12632524    0.36%
 203755 147637      845.0000   325      842.0000      845.0000 12734406    0.36%
 205177 147910      845.0000   315      842.0000      845.0000 12761928    0.36%
 206479 149675      844.5000   272      842.0000      845.0000 12888912    0.36%
Elapsed time = 10670.63 sec. (910878.71 ticks, tree = 75310.69 MB, solutions = 59)
Nodefile size = 72769.15 MB (40865.46 MB after compression)
 207864 149329    infeasible            842.0000      845.0000 12862158    0.36%
 209357 151356      845.0000   311      842.0000      845.0000 13038033    0.36%
 210552 152669      845.0000   340      842.0000      845.0000 13148273    0.36%
 211659 153542      845.0000   434      842.0000      845.0000 13234829    0.36%
 212847 154331      845.0000   299      842.0000      845.0000 13325961    0.36%
 214344 154968      842.0000   353      842.0000      845.0000 13370887    0.36%
 215298 155046      845.0000   421      842.0000      845.0000 13375731    0.36%
 215808 156437      845.0000   318      842.0000      845.0000 13619375    0.36%
 216341 157346      845.0000   293      842.0000      845.0000 13730668    0.36%
 216890 158047      845.0000   351      842.0000      845.0000 13797922    0.36%
Elapsed time = 11170.70 sec. (949064.32 ticks, tree = 78130.78 MB, solutions = 59)
Nodefile size = 75748.10 MB (42515.68 MB after compression)
 217478 157971      845.0000   328      842.0000      845.0000 13788575    0.36%
 217582 158709      845.0000   480      842.0000      845.0000 13873453    0.36%
 217598 158089      845.0000   221      842.0000      845.0000 13811861    0.36%
 217685 158769      845.0000   369      842.0000      845.0000 13878408    0.36%
 217829 158801      845.0000   388      842.0000      845.0000 13880083    0.36%
 217968 158841      845.0000   399      842.0000      845.0000 13894146    0.36%
 218149 159021      844.8333   362      842.0000      845.0000 13912855    0.36%
 218450 159078      845.0000   288      842.0000      845.0000 13898610    0.36%
 219063 159201      845.0000   270      842.0000      845.0000 13918289    0.36%
 220169 159225      845.0000   319      842.0000      845.0000 13921193    0.36%
Elapsed time = 11383.98 sec. (990494.62 ticks, tree = 78708.20 MB, solutions = 59)
Nodefile size = 76206.72 MB (42774.05 MB after compression)
 221284 159525      845.0000   219      842.0000      845.0000 13948872    0.36%
 222464 159872      845.0000   324      842.0000      845.0000 14011533    0.36%
 223967 161349      845.0000   305      842.0000      845.0000 14140877    0.36%
 225316 160926      844.2500   268      842.0000      845.0000 14095978    0.36%
 226345 161824      845.0000   218      842.0000      845.0000 14167185    0.36%
 226861 162706      845.0000   367      842.0000      845.0000 14245906    0.36%
 227266 163793      845.0000   311      842.0000      845.0000 14341521    0.36%
 227865 165512      845.0000   373      842.0000      845.0000 14492604    0.36%
 228650 165734      845.0000   400      842.0000      845.0000 14518113    0.36%
 229574 167180    infeasible            842.0000      845.0000 14698516    0.36%
Elapsed time = 11862.13 sec. (1028687.69 ticks, tree = 81749.91 MB, solutions = 59)
Nodefile size = 79391.44 MB (44563.46 MB after compression)
 230783 167718      843.1333   292      842.0000      845.0000 14742539    0.36%
 232400 167467      845.0000   214      842.0000      845.0000 14726332    0.36%
 234438 168881      845.0000   363      842.0000      845.0000 14863269    0.36%
 236101 169076      845.0000   213      842.0000      845.0000 14877465    0.36%
 237661 169453    infeasible            842.0000      845.0000 14904891    0.36%
 239170 170152    infeasible            842.0000      845.0000 14956546    0.36%
 240309 171631      845.0000   420      842.0000      845.0000 15079510    0.36%
 241298 172557    infeasible            842.0000      845.0000 15155003    0.36%
 242163 172760      845.0000   229      842.0000      845.0000 15173323    0.36%
 243130 173260    infeasible            842.0000      845.0000 15220035    0.36%
Elapsed time = 12375.65 sec. (1066858.52 ticks, tree = 85204.03 MB, solutions = 62)
Nodefile size = 82811.89 MB (46506.96 MB after compression)
 244215 174700      845.0000   222      842.0000      845.0000 15353341    0.36%
 245742 174699      845.0000   220      842.0000      845.0000 15354016    0.36%
 247190 175092      845.0000   228      842.0000      845.0000 15403981    0.36%
 248451 176494      845.0000   215      842.0000      845.0000 15560753    0.36%
 249622 177640      845.0000   380      842.0000      845.0000 15666188    0.36%
 251073 177813    infeasible            842.0000      845.0000 15704732    0.36%
 252303 175233      845.0000   311      842.0000      845.0000 15797523    0.36%
 253768 174777      845.0000   229      842.0000      845.0000 15745672    0.36%
 254578 175588      845.0000   315      842.0000      845.0000 15825770    0.36%
Exception raised in listener 'MipGapPrinter': 'int' object is not callable, id=227
 254615 178206      845.0000   326      842.0000      845.0000 16144521    0.36%
Elapsed time = 13073.47 sec. (1192147.19 ticks, tree = 2325.24 MB, solutions = 68)
 254617 178207      845.0000   527      842.0000      845.0000 16147920    0.36%
 254620 178207      845.0000   331      842.0000      845.0000 16148393    0.36%
 254629 26588      845.0000   359      842.0000      845.0000 16153145    0.36%
 254649  1172      845.0000   338      842.0000      845.0000 16160433    0.36%
 254724    69      845.0000   365      842.0000      845.0000 16170089    0.36%
 254907   213      845.0000   386      842.0000      845.0000 16194090    0.36%
 255167   327      845.0000   332      842.0000      845.0000 16206580    0.36%
 255480   554      845.0000   479      842.0000      845.0000 16224479    0.36%
 255852   832      845.0000   458      842.0000      845.0000 16253884    0.36%
 256292  1195      845.0000   341      842.0000      845.0000 16304637    0.36%
Elapsed time = 13254.44 sec. (1232385.93 ticks, tree = 281.15 MB, solutions = 68)
 256727  1276      845.0000   320      842.0000      845.0000 16313598    0.36%
 257206  1544      845.0000   361      842.0000      845.0000 16377664    0.36%
 257746  1740      845.0000   428      842.0000      845.0000 16407636    0.36%
 258282  1975      845.0000   275      842.0000      845.0000 16470149    0.36%
 258950  2202      845.0000   306      842.0000      845.0000 16516348    0.36%
 259679  2444      845.0000   384      842.0000      845.0000 16570270    0.36%
 260467  2790      845.0000   335      842.0000      845.0000 16634005    0.36%
 261384  2913      845.0000   256      842.0000      845.0000 16649273    0.36%
 262250  3570      845.0000   270      842.0000      845.0000 16731862    0.36%
 263464  3926      845.0000   234      842.0000      845.0000 16762020    0.36%
Elapsed time = 13419.78 sec. (1270548.44 ticks, tree = 558.93 MB, solutions = 68)
 265421  4338      845.0000   265      842.0000      845.0000 16797293    0.36%
 267460  4420      845.0000   276      842.0000      845.0000 16799950    0.36%
 269907  4812      845.0000   267      842.0000      845.0000 16836552    0.36%
 272030  5280      845.0000   265      842.0000      845.0000 16871823    0.36%
 273886  5678    infeasible            842.0000      845.0000 16900464    0.36%
 276033  5973      845.0000   269      842.0000      845.0000 16916616    0.36%
 278275  6505      845.0000   273      842.0000      845.0000 16933919    0.36%
 281229  6974      845.0000   268      842.0000      845.0000 16956521    0.36%
 284272  7363      845.0000   266      842.0000      845.0000 16979060    0.36%
 287641  7763    infeasible            842.0000      845.0000 17029529    0.36%
Elapsed time = 13568.02 sec. (1308719.78 ticks, tree = 646.47 MB, solutions = 68)
 290901  7825      845.0000   266      842.0000      845.0000 17053523    0.36%
 293785  8291    infeasible            842.0000      845.0000 17109553    0.36%
 297272  8449      845.0000   267      842.0000      845.0000 17146795    0.36%
 300158  8569    infeasible            842.0000      845.0000 17178992    0.36%
 303355  8612    infeasible            842.0000      845.0000 17235964    0.36%
 306246  8550      845.0000   264      842.0000      845.0000 17287574    0.36%
 309287  8412    infeasible            842.0000      845.0000 17304052    0.36%
 312955  8711      845.0000   265      842.0000      845.0000 17370323    0.36%
 315820  8869      845.0000   264      842.0000      845.0000 17400374    0.36%
 319243  8723    infeasible            842.0000      845.0000 17439693    0.36%
Elapsed time = 13710.33 sec. (1346873.61 ticks, tree = 656.99 MB, solutions = 68)
 323154  8966    infeasible            842.0000      845.0000 17471137    0.36%
 326975  9581      845.0000   264      842.0000      845.0000 17563690    0.36%
 331072 10144    infeasible            842.0000      845.0000 17619698    0.36%
 335437 10787    infeasible            842.0000      845.0000 17660100    0.36%
 339685 11158    infeasible            842.0000      845.0000 17699195    0.36%
 343001 11383      845.0000   264      842.0000      845.0000 17775392    0.36%
 345993 11479      845.0000   268      842.0000      845.0000 17849687    0.36%
 348734 11593    infeasible            842.0000      845.0000 17900302    0.36%
 350805 11573      845.0000   267      842.0000      845.0000 17916262    0.36%
 354159 11787      845.0000   268      842.0000      845.0000 17969236    0.36%
Elapsed time = 13858.67 sec. (1385029.70 ticks, tree = 718.99 MB, solutions = 68)
 358278 11658      845.0000   265      842.0000      845.0000 18055571    0.36%
 362587 11871      845.0000   268      842.0000      845.0000 18129748    0.36%
 367197 12060    infeasible            842.0000      845.0000 18215434    0.36%
 371613 12223    infeasible            842.0000      845.0000 18259960    0.36%
 375497 11988      845.0000   267      842.0000      845.0000 18312137    0.36%
 378941 12442    infeasible            842.0000      845.0000 18370163    0.36%
 381840 13110    infeasible            842.0000      845.0000 18429034    0.36%
 385516 12962      845.0000   267      842.0000      845.0000 18478530    0.36%
 389759 12583      845.0000   265      842.0000      845.0000 18545888    0.36%
 393745 12141      845.0000   265      842.0000      845.0000 18667915    0.36%
Elapsed time = 14000.41 sec. (1423182.54 ticks, tree = 709.04 MB, solutions = 68)
 397283 12403    infeasible            842.0000      845.0000 18729838    0.36%
 399942 12448    infeasible            842.0000      845.0000 18754805    0.36%
 403032 12823    infeasible            842.0000      845.0000 18820902    0.36%
 406754 12794    infeasible            842.0000      845.0000 18858979    0.36%
 410730 12561    infeasible            842.0000      845.0000 18966548    0.36%
 414029 12415    infeasible            842.0000      845.0000 19060934    0.36%
 416843 12517    infeasible            842.0000      845.0000 19086423    0.36%
 419400 12624    infeasible            842.0000      845.0000 19129721    0.36%
 422555 12835      845.0000   266      842.0000      845.0000 19228278    0.36%
 426110 12656      845.0000   267      842.0000      845.0000 19220044    0.36%
Elapsed time = 14139.61 sec. (1461340.70 ticks, tree = 707.61 MB, solutions = 68)
 430173 13080      845.0000   265      842.0000      845.0000 19331901    0.36%
 434267 13340      845.0000   268      842.0000      845.0000 19375839    0.36%
 438076 14168    infeasible            842.0000      845.0000 19454273    0.36%
 441072 14763    infeasible            842.0000      845.0000 19597932    0.36%
 444062 14390      845.0000   264      842.0000      845.0000 19651302    0.36%
 447597 14243    infeasible            842.0000      845.0000 19696000    0.36%
 451577 14201      845.0000   266      842.0000      845.0000 19772240    0.36%
 455774 14532      845.0000   269      842.0000      845.0000 19884839    0.36%
 459093 14616    infeasible            842.0000      845.0000 19882147    0.36%
 461917 15222      845.0000   265      842.0000      845.0000 20039967    0.36%
Elapsed time = 14285.17 sec. (1499495.07 ticks, tree = 772.84 MB, solutions = 68)
 465193 15266      845.0000   268      842.0000      845.0000 20039387    0.36%
 469042 15015    infeasible            842.0000      845.0000 20093489    0.36%
 472890 14981    infeasible            842.0000      845.0000 20229438    0.36%
 476875 15284    infeasible            842.0000      845.0000 20252023    0.36%
 479785 15284      845.0000   266      842.0000      845.0000 20306984    0.36%
 481780 15119      845.0000   266      842.0000      845.0000 20396316    0.36%
 484513 15398      845.0000   265      842.0000      845.0000 20471603    0.36%
 488122 15316      845.0000   265      842.0000      845.0000 20476509    0.36%

GUB cover cuts applied:  34
Clique cuts applied:  1
Cover cuts applied:  17
Implied bound cuts applied:  40
Flow cuts applied:  3
Mixed integer rounding cuts applied:  14
Zero-half cuts applied:  15
Gomory fractional cuts applied:  2

Root node processing (before b&c):
  Real time             =   61.09 sec. (25455.56 ticks)
Parallel b&c, 32 threads:
  Real time             = 14341.55 sec. (1507781.62 ticks)
  Sync time (average)   = 10726.11 sec.
  Wait time (average)   =    7.48 sec.
                          ------------
Total (root+branch&cut) = 14402.64 sec. (1533237.19 ticks)
status  = time limit exceeded
time    = 14403.4 s.
problem = MILP
gap     = 0.356295%

Objective value: 842.0
[50, 100, 12, 6, 364, 295, 842, 845, 0.36, 14403.42]
