CPXPARAM_Read_DataCheck                          1
CPXPARAM_TimeLimit                               14400
Found incumbent of value 0.000000 after 0.03 sec. (13.89 ticks)
Tried aggregator 2 times.
MIP Presolve eliminated 1880 rows and 455281 columns.
MIP Presolve added 16 rows and 0 columns.
MIP Presolve modified 1913 coefficients.
Aggregator did 2286 substitutions.
Reduced MIP has 368597 rows, 12023 columns, and 756647 nonzeros.
Reduced MIP has 4523 binaries, 0 generals, 0 SOSs, and 0 indicators.
Presolve time = 1.43 sec. (7290.39 ticks)
Probing fixed 5 vars, tightened 0 bounds.
Probing time = 0.49 sec. (11.13 ticks)
Tried aggregator 1 time.
MIP Presolve eliminated 355259 rows and 7255 columns.
Reduced MIP has 13338 rows, 4768 columns, and 46127 nonzeros.
Reduced MIP has 4518 binaries, 0 generals, 0 SOSs, and 0 indicators.
Presolve time = 0.11 sec. (151.95 ticks)
Probing time = 0.01 sec. (3.49 ticks)
Tried aggregator 1 time.
MIP Presolve eliminated 12250 rows and 250 columns.
Reduced MIP has 1088 rows, 4518 columns, and 21627 nonzeros.
Reduced MIP has 4518 binaries, 0 generals, 0 SOSs, and 0 indicators.
Presolve time = 0.02 sec. (30.09 ticks)
Probing time = 0.01 sec. (3.12 ticks)
Clique table members: 1454.
MIP emphasis: balance optimality and feasibility.
MIP search method: dynamic search.
Parallel mode: deterministic, using up to 32 threads.
Root relaxation solution time = 0.03 sec. (14.18 ticks)

        Nodes                                         Cuts/
   Node  Left     Objective  IInf  Best Integer    Best Bound    ItCnt     Gap

*     0+    0                         1349.0000     2289.0000            69.68%
*     0+    0                         2211.0000     2289.0000             3.53%
      0     0     2263.4542   191     2211.0000     2263.4542      784    2.37%
Exception raised in listener 'MipGapPrinter': 'int' object is not callable, id=1
*     0+    0                         2239.0000     2263.4542             1.09%
Exception raised in listener 'MipGapPrinter': 'int' object is not callable, id=4
      0     0     2255.3333   145     2239.0000     Cuts: 284     1325    0.73%
      0     0     2254.5000   153     2239.0000     Cuts: 227     1737    0.69%
      0     0     2254.4524   100     2239.0000      Cuts: 98     1920    0.69%
*     0+    0                         2240.0000     2254.4524             0.65%
Exception raised in listener 'MipGapPrinter': 'int' object is not callable, id=10
      0     0     2254.2222    90     2240.0000      Cuts: 49     2025    0.63%
      0     0     2254.2222   115     2240.0000      Cuts: 52     2164    0.63%
      0     0     2254.0833   122     2240.0000      Cuts: 24     2471    0.63%
      0     0     2253.9333   108     2240.0000      Cuts: 73     2576    0.62%
      0     0     2253.8667   104     2240.0000      Cuts: 50     2664    0.62%
*     0+    0                         2250.0000     2253.8667             0.17%
Exception raised in listener 'MipGapPrinter': 'int' object is not callable, id=20
*     0+    0                         2252.0000     2253.8667             0.08%
      0     0        cutoff           2252.0000                   2664     --- 
Elapsed time = 4.05 sec. (8961.03 ticks, tree = 0.01 MB, solutions = 6)

GUB cover cuts applied:  28
Clique cuts applied:  12
Cover cuts applied:  104
Flow cuts applied:  10
Mixed integer rounding cuts applied:  17
Zero-half cuts applied:  88
Lift and project cuts applied:  4
Gomory fractional cuts applied:  39

Root node processing (before b&c):
  Real time             =    4.09 sec. (8992.50 ticks)
Parallel b&c, 32 threads:
  Real time             =    0.00 sec. (0.00 ticks)
  Sync time (average)   =    0.00 sec.
  Wait time (average)   =    0.00 sec.
                          ------------
Total (root+branch&cut) =    4.09 sec. (8992.50 ticks)
status  = integer optimal solution
time    = 4.13373 s.
problem = MILP
gap     = 0%

Objective value: 2252.0
[50, 150, 12, 3, 372, 361, 2252, 2252, 0.0, 4.13]
